AI Presentation System\t229f3cb4-36b1-8044-9520-df8266085105\t->\t307f3cb4-36b1-8121-a812-eada96017f8b
AI Tool solution\t10ff3cb4-36b1-8024-9902-fcb9bb4e1f44\t->\t307f3cb4-36b1-8121-a812-eada96017f8b
Kanban - Tasks\tbc6a0153-f8d8-4855-8512-99f9c8887bba\t->\t307f3cb4-36b1-8121-a812-eada96017f8b
Onboarding flow: Pro\t4941ed82-1c01-4add-9452-d74e284c976c\t->\t307f3cb4-36b1-8121-a812-eada96017f8b
Products (from Product)\t116f3cb4-36b1-8001-b1d1-e20835c9d24a\t->\t307f3cb4-36b1-8121-a812-eada96017f8b
Remaining Projects\t1ccf3cb4-36b1-80f8-981c-e42ec1849f3e\t->\t307f3cb4-36b1-8121-a812-eada96017f8b
Repository Feature inventory\t196f3cb4-36b1-8017-b28e-f04f00354a35\t->\t307f3cb4-36b1-8121-a812-eada96017f8b
Roles\t116f3cb4-36b1-801a-9243-ea9482c19da7\t->\t307f3cb4-36b1-8121-a812-eada96017f8b
On-boarding flows\t306f3cb4-36b1-80b8-97ac-f82a4d88b71d\t->\t307f3cb4-36b1-8121-a812-eada96017f8b
AI Competitor Research: Conclusions\t10ef3cb4-36b1-80da-8a42-fd1df0cc6708\t->\t307f3cb4-36b1-8121-a812-eada96017f8b
Engineering Stack\t206f3cb4-36b1-8038-91e0-ca0f75929255\t->\t307f3cb4-36b1-8121-a812-eada96017f8b
Content Ideas\t565cc218-47ee-45e8-9424-dcd864c5631c\t->\t307f3cb4-36b1-8125-b95a-fad4bfa8c405
Newsletter ideas\t4242b6f0-3ac9-424f-8a90-3934f65612be\t->\t307f3cb4-36b1-8125-b95a-fad4bfa8c405
Product Hunt Plan\t116f3cb4-36b1-80f4-8400-c7b4e2d6ed40\t->\t307f3cb4-36b1-8125-b95a-fad4bfa8c405
500+ places to promote your startup\t30bde20a-9113-4200-9000-5fc8b0a7859a\t->\t307f3cb4-36b1-8125-b95a-fad4bfa8c405
Positioning\t2d3f3cb4-36b1-802e-a276-d41628792612\t->\t307f3cb4-36b1-8125-b95a-fad4bfa8c405
Email platforms\t1e2f3cb4-36b1-8090-bf6e-d89a0af62314\t->\t307f3cb4-36b1-81e7-bba5-e1ea09cf015c
Great email example\t301f3cb4-36b1-81d6-b773-c6977348a26d\t->\t307f3cb4-36b1-81e7-bba5-e1ea09cf015c
AI Qualified Lead\t2faf3cb4-36b1-8057-a4bf-f4fe762f1967\t->\t307f3cb4-36b1-8130-94c9-f2e16473f24a
Meta agent organization\t2d3f3cb4-36b1-8033-9d6e-fbe7dd3e7f4e\t->\t307f3cb4-36b1-8158-9547-d37a2704fefd
New AI systems\t2d3f3cb4-36b1-8012-9616-d872e91d8432\t->\t307f3cb4-36b1-8158-9547-d37a2704fefd
Prompts\t266f3cb4-36b1-804a-9b7a-f7b778c5c318\t->\t307f3cb4-36b1-8158-9547-d37a2704fefd
How to Automate GBP with Semrush\t300f3cb4-36b1-810d-b994-f00076933f23\t->\t307f3cb4-36b1-8158-9547-d37a2704fefd
Data Architecture\t2faf3cb4-36b1-80d2-b7aa-c0807678c60c\t->\t307f3cb4-36b1-81e1-9173-d78e1d5999ff
Developer Project Requirements\t1425ce2b-7f16-4acd-94ad-ce0d1c31b5e9\t->\t307f3cb4-36b1-81e1-9173-d78e1d5999ff
Products (from Strategy)	2fff3cb4-36b1-80eb-8fd2-dfabdd7b0205	->	307f3cb4-36b1-8121-a812-eada96017f8b
