layout-6839e840b4a4ec34.js:1 Noop analytics service called with event: initialize
layout-6839e840b4a4ec34.js:1 Keeping component from rendering if no languages or namespaces are loaded. Iteration: 1. Will stop after 20 iterations.
layout-6839e840b4a4ec34.js:1 Keeping component from rendering if no languages or namespaces are loaded. Iteration: 2. Will stop after 20 iterations.
layout-6839e840b4a4ec34.js:1 Noop analytics service called with event: trackPageView /docs
Chrome is moving towards a new experience that allows users to choose to browse without third-party cookies.
Chrome is moving towards a new experience that allows users to choose to browse without third-party cookies.
Chrome is moving towards a new experience that allows users to choose to browse without third-party cookies.
Chrome is moving towards a new experience that allows users to choose to browse without third-party cookies.
Chrome is moving towards a new experience that allows users to choose to browse without third-party cookies.
Chrome is moving towards a new experience that allows users to choose to browse without third-party cookies.
Chrome is moving towards a new experience that allows users to choose to browse without third-party cookies.
Chrome is moving towards a new experience that allows users to choose to browse without third-party cookies.
Chrome is moving towards a new experience that allows users to choose to browse without third-party cookies.
Chrome is moving towards a new experience that allows users to choose to browse without third-party cookies.
Chrome is moving towards a new experience that allows users to choose to browse without third-party cookies.
Chrome is moving towards a new experience that allows users to choose to browse without third-party cookies.
Chrome is moving towards a new experience that allows users to choose to browse without third-party cookies.
Chrome is moving towards a new experience that allows users to choose to browse without third-party cookies.
Chrome is moving towards a new experience that allows users to choose to browse without third-party cookies.
Chrome is moving towards a new experience that allows users to choose to browse without third-party cookies.
Chrome is moving towards a new experience that allows users to choose to browse without third-party cookies.
Chrome is moving towards a new experience that allows users to choose to browse without third-party cookies.
Chrome is moving towards a new experience that allows users to choose to browse without third-party cookies.
Chrome is moving towards a new experience that allows users to choose to browse without third-party cookies.
Chrome is moving towards a new experience that allows users to choose to browse without third-party cookies.
Chrome is moving towards a new experience that allows users to choose to browse without third-party cookies.
Chrome is moving towards a new experience that allows users to choose to browse without third-party cookies.
Chrome is moving towards a new experience that allows users to choose to browse without third-party cookies.
Chrome is moving towards a new experience that allows users to choose to browse without third-party cookies.
Chrome is moving towards a new experience that allows users to choose to browse without third-party cookies.
Chrome is moving towards a new experience that allows users to choose to browse without third-party cookies.
Chrome is moving towards a new experience that allows users to choose to browse without third-party cookies.
Chrome is moving towards a new experience that allows users to choose to browse without third-party cookies.
Chrome is moving towards a new experience that allows users to choose to browse without third-party cookies.
Chrome is moving towards a new experience that allows users to choose to browse without third-party cookies.
Chrome is moving towards a new experience that allows users to choose to browse without third-party cookies.
Chrome is moving towards a new experience that allows users to choose to browse without third-party cookies.
Chrome is moving towards a new experience that allows users to choose to browse without third-party cookies.
Chrome is moving towards a new experience that allows users to choose to browse without third-party cookies.
Chrome is moving towards a new experience that allows users to choose to browse without third-party cookies.
Chrome is moving towards a new experience that allows users to choose to browse without third-party cookies.
Chrome is moving towards a new experience that allows users to choose to browse without third-party cookies.
Chrome is moving towards a new experience that allows users to choose to browse without third-party cookies.
Chrome is moving towards a new experience that allows users to choose to browse without third-party cookies.
Chrome is moving towards a new experience that allows users to choose to browse without third-party cookies.
Chrome is moving towards a new experience that allows users to choose to browse without third-party cookies.
Chrome is moving towards a new experience that allows users to choose to browse without third-party cookies.
Chrome is moving towards a new experience that allows users to choose to browse without third-party cookies.
Chrome is moving towards a new experience that allows users to choose to browse without third-party cookies.
Chrome is moving towards a new experience that allows users to choose to browse without third-party cookies.
Chrome is moving towards a new experience that allows users to choose to browse without third-party cookies.
Chrome is moving towards a new experience that allows users to choose to browse without third-party cookies.
Chrome is moving towards a new experience that allows users to choose to browse without third-party cookies.
Chrome is moving towards a new experience that allows users to choose to browse without third-party cookies.
Chrome is moving towards a new experience that allows users to choose to browse without third-party cookies.
Chrome is moving towards a new experience that allows users to choose to browse without third-party cookies.
Chrome is moving towards a new experience that allows users to choose to browse without third-party cookies.
Chrome is moving towards a new experience that allows users to choose to browse without third-party cookies.
Chrome is moving towards a new experience that allows users to choose to browse without third-party cookies.
Chrome is moving towards a new experience that allows users to choose to browse without third-party cookies.
2193-67ae5e3be0537ebf.js:1 
            
            
           GET https://2025slideheroes-web.vercel.app/tos?_rsc=18t6o 404 (Not Found)
h @ 2193-67ae5e3be0537ebf.js:1
p @ 2193-67ae5e3be0537ebf.js:1
(anonymous) @ 2193-67ae5e3be0537ebf.js:1
a @ 2193-67ae5e3be0537ebf.js:1
c @ 2193-67ae5e3be0537ebf.js:1
a @ 2193-67ae5e3be0537ebf.js:1
await in a
c @ 2193-67ae5e3be0537ebf.js:1
a @ 2193-67ae5e3be0537ebf.js:1
await in a
c @ 2193-67ae5e3be0537ebf.js:1
enqueue @ 2193-67ae5e3be0537ebf.js:1
c @ 2193-67ae5e3be0537ebf.js:1
i @ 2193-67ae5e3be0537ebf.js:1
u @ 2193-67ae5e3be0537ebf.js:1
(anonymous) @ 2193-67ae5e3be0537ebf.js:1
action @ 2193-67ae5e3be0537ebf.js:2
i @ 2193-67ae5e3be0537ebf.js:2
l @ 2193-67ae5e3be0537ebf.js:2
s @ 2193-67ae5e3be0537ebf.js:2
Promise.then
i @ 2193-67ae5e3be0537ebf.js:2
l @ 2193-67ae5e3be0537ebf.js:2
s @ 2193-67ae5e3be0537ebf.js:2
Promise.then
i @ 2193-67ae5e3be0537ebf.js:2
l @ 2193-67ae5e3be0537ebf.js:2
s @ 2193-67ae5e3be0537ebf.js:2
Promise.then
i @ 2193-67ae5e3be0537ebf.js:2
l @ 2193-67ae5e3be0537ebf.js:2
s @ 2193-67ae5e3be0537ebf.js:2
Promise.then
i @ 2193-67ae5e3be0537ebf.js:2
(anonymous) @ 2193-67ae5e3be0537ebf.js:2
dispatch @ 2193-67ae5e3be0537ebf.js:2
(anonymous) @ 2193-67ae5e3be0537ebf.js:1
(anonymous) @ 2193-67ae5e3be0537ebf.js:1
(anonymous) @ 2193-67ae5e3be0537ebf.js:2
prefetch @ 2193-67ae5e3be0537ebf.js:1
(anonymous) @ 1925-f0abd0239cee855e.js:1
p @ 1925-f0abd0239cee855e.js:1
(anonymous) @ 1925-f0abd0239cee855e.js:1
oT @ 83d6bfb5-b5fdf9edd775521f.js:1
o9 @ 83d6bfb5-b5fdf9edd775521f.js:1
o5 @ 83d6bfb5-b5fdf9edd775521f.js:1
o9 @ 83d6bfb5-b5fdf9edd775521f.js:1
o5 @ 83d6bfb5-b5fdf9edd775521f.js:1
o9 @ 83d6bfb5-b5fdf9edd775521f.js:1
o5 @ 83d6bfb5-b5fdf9edd775521f.js:1
o9 @ 83d6bfb5-b5fdf9edd775521f.js:1
o5 @ 83d6bfb5-b5fdf9edd775521f.js:1
o9 @ 83d6bfb5-b5fdf9edd775521f.js:1
o5 @ 83d6bfb5-b5fdf9edd775521f.js:1
o9 @ 83d6bfb5-b5fdf9edd775521f.js:1
o5 @ 83d6bfb5-b5fdf9edd775521f.js:1
o9 @ 83d6bfb5-b5fdf9edd775521f.js:1
o5 @ 83d6bfb5-b5fdf9edd775521f.js:1
o9 @ 83d6bfb5-b5fdf9edd775521f.js:1
o5 @ 83d6bfb5-b5fdf9edd775521f.js:1
o9 @ 83d6bfb5-b5fdf9edd775521f.js:1
o5 @ 83d6bfb5-b5fdf9edd775521f.js:1
o9 @ 83d6bfb5-b5fdf9edd775521f.js:1
o5 @ 83d6bfb5-b5fdf9edd775521f.js:1
o9 @ 83d6bfb5-b5fdf9edd775521f.js:1
o5 @ 83d6bfb5-b5fdf9edd775521f.js:1
o9 @ 83d6bfb5-b5fdf9edd775521f.js:1
o5 @ 83d6bfb5-b5fdf9edd775521f.js:1
o9 @ 83d6bfb5-b5fdf9edd775521f.js:1
o5 @ 83d6bfb5-b5fdf9edd775521f.js:1
o9 @ 83d6bfb5-b5fdf9edd775521f.js:1
o5 @ 83d6bfb5-b5fdf9edd775521f.js:1
o9 @ 83d6bfb5-b5fdf9edd775521f.js:1
o5 @ 83d6bfb5-b5fdf9edd775521f.js:1
o9 @ 83d6bfb5-b5fdf9edd775521f.js:1
o5 @ 83d6bfb5-b5fdf9edd775521f.js:1
o9 @ 83d6bfb5-b5fdf9edd775521f.js:1
o5 @ 83d6bfb5-b5fdf9edd775521f.js:1
o9 @ 83d6bfb5-b5fdf9edd775521f.js:1
o5 @ 83d6bfb5-b5fdf9edd775521f.js:1
o9 @ 83d6bfb5-b5fdf9edd775521f.js:1
o5 @ 83d6bfb5-b5fdf9edd775521f.js:1
o9 @ 83d6bfb5-b5fdf9edd775521f.js:1
o5 @ 83d6bfb5-b5fdf9edd775521f.js:1
o9 @ 83d6bfb5-b5fdf9edd775521f.js:1
o5 @ 83d6bfb5-b5fdf9edd775521f.js:1
o9 @ 83d6bfb5-b5fdf9edd775521f.js:1
o5 @ 83d6bfb5-b5fdf9edd775521f.js:1
o9 @ 83d6bfb5-b5fdf9edd775521f.js:1
o5 @ 83d6bfb5-b5fdf9edd775521f.js:1
o9 @ 83d6bfb5-b5fdf9edd775521f.js:1
o5 @ 83d6bfb5-b5fdf9edd775521f.js:1
o9 @ 83d6bfb5-b5fdf9edd775521f.js:1
o5 @ 83d6bfb5-b5fdf9edd775521f.js:1
o9 @ 83d6bfb5-b5fdf9edd775521f.js:1
o5 @ 83d6bfb5-b5fdf9edd775521f.js:1
o9 @ 83d6bfb5-b5fdf9edd775521f.js:1
o5 @ 83d6bfb5-b5fdf9edd775521f.js:1
o9 @ 83d6bfb5-b5fdf9edd775521f.js:1
o5 @ 83d6bfb5-b5fdf9edd775521f.js:1
o9 @ 83d6bfb5-b5fdf9edd775521f.js:1
o5 @ 83d6bfb5-b5fdf9edd775521f.js:1
o9 @ 83d6bfb5-b5fdf9edd775521f.js:1
o5 @ 83d6bfb5-b5fdf9edd775521f.js:1
o9 @ 83d6bfb5-b5fdf9edd775521f.js:1
o5 @ 83d6bfb5-b5fdf9edd775521f.js:1
o9 @ 83d6bfb5-b5fdf9edd775521f.js:1
o5 @ 83d6bfb5-b5fdf9edd775521f.js:1
o9 @ 83d6bfb5-b5fdf9edd775521f.js:1
o5 @ 83d6bfb5-b5fdf9edd775521f.js:1
o9 @ 83d6bfb5-b5fdf9edd775521f.js:1
o5 @ 83d6bfb5-b5fdf9edd775521f.js:1
o9 @ 83d6bfb5-b5fdf9edd775521f.js:1
o5 @ 83d6bfb5-b5fdf9edd775521f.js:1
o9 @ 83d6bfb5-b5fdf9edd775521f.js:1
o5 @ 83d6bfb5-b5fdf9edd775521f.js:1
o9 @ 83d6bfb5-b5fdf9edd775521f.js:1
o5 @ 83d6bfb5-b5fdf9edd775521f.js:1
o9 @ 83d6bfb5-b5fdf9edd775521f.js:1
o5 @ 83d6bfb5-b5fdf9edd775521f.js:1
o9 @ 83d6bfb5-b5fdf9edd775521f.js:1
o5 @ 83d6bfb5-b5fdf9edd775521f.js:1
o9 @ 83d6bfb5-b5fdf9edd775521f.js:1
o5 @ 83d6bfb5-b5fdf9edd775521f.js:1
o9 @ 83d6bfb5-b5fdf9edd775521f.js:1
o5 @ 83d6bfb5-b5fdf9edd775521f.js:1
o9 @ 83d6bfb5-b5fdf9edd775521f.js:1
o5 @ 83d6bfb5-b5fdf9edd775521f.js:1
o9 @ 83d6bfb5-b5fdf9edd775521f.js:1
o5 @ 83d6bfb5-b5fdf9edd775521f.js:1
o9 @ 83d6bfb5-b5fdf9edd775521f.js:1
o5 @ 83d6bfb5-b5fdf9edd775521f.js:1
o9 @ 83d6bfb5-b5fdf9edd775521f.js:1
o5 @ 83d6bfb5-b5fdf9edd775521f.js:1
o9 @ 83d6bfb5-b5fdf9edd775521f.js:1
o5 @ 83d6bfb5-b5fdf9edd775521f.js:1
o9 @ 83d6bfb5-b5fdf9edd775521f.js:1
o5 @ 83d6bfb5-b5fdf9edd775521f.js:1
o9 @ 83d6bfb5-b5fdf9edd775521f.js:1
o5 @ 83d6bfb5-b5fdf9edd775521f.js:1
o9 @ 83d6bfb5-b5fdf9edd775521f.js:1
o5 @ 83d6bfb5-b5fdf9edd775521f.js:1
o9 @ 83d6bfb5-b5fdf9edd775521f.js:1
o5 @ 83d6bfb5-b5fdf9edd775521f.js:1
o9 @ 83d6bfb5-b5fdf9edd775521f.js:1
o5 @ 83d6bfb5-b5fdf9edd775521f.js:1
o9 @ 83d6bfb5-b5fdf9edd775521f.js:1
o5 @ 83d6bfb5-b5fdf9edd775521f.js:1
o9 @ 83d6bfb5-b5fdf9edd775521f.js:1
o5 @ 83d6bfb5-b5fdf9edd775521f.js:1
o9 @ 83d6bfb5-b5fdf9edd775521f.js:1
o5 @ 83d6bfb5-b5fdf9edd775521f.js:1
o9 @ 83d6bfb5-b5fdf9edd775521f.js:1
o5 @ 83d6bfb5-b5fdf9edd775521f.js:1
o9 @ 83d6bfb5-b5fdf9edd775521f.js:1
o5 @ 83d6bfb5-b5fdf9edd775521f.js:1
o9 @ 83d6bfb5-b5fdf9edd775521f.js:1
uh @ 83d6bfb5-b5fdf9edd775521f.js:1
u @ 83d6bfb5-b5fdf9edd775521f.js:1
T @ 2193-67ae5e3be0537ebf.js:1
2193-67ae5e3be0537ebf.js:1 
            
            
           GET https://2025slideheroes-web.vercel.app/about-us?_rsc=18t6o 404 (Not Found)
h @ 2193-67ae5e3be0537ebf.js:1
p @ 2193-67ae5e3be0537ebf.js:1
(anonymous) @ 2193-67ae5e3be0537ebf.js:1
a @ 2193-67ae5e3be0537ebf.js:1
c @ 2193-67ae5e3be0537ebf.js:1
a @ 2193-67ae5e3be0537ebf.js:1
await in a
c @ 2193-67ae5e3be0537ebf.js:1
enqueue @ 2193-67ae5e3be0537ebf.js:1
c @ 2193-67ae5e3be0537ebf.js:1
i @ 2193-67ae5e3be0537ebf.js:1
u @ 2193-67ae5e3be0537ebf.js:1
(anonymous) @ 2193-67ae5e3be0537ebf.js:1
action @ 2193-67ae5e3be0537ebf.js:2
i @ 2193-67ae5e3be0537ebf.js:2
l @ 2193-67ae5e3be0537ebf.js:2
s @ 2193-67ae5e3be0537ebf.js:2
Promise.then
i @ 2193-67ae5e3be0537ebf.js:2
l @ 2193-67ae5e3be0537ebf.js:2
s @ 2193-67ae5e3be0537ebf.js:2
Promise.then
i @ 2193-67ae5e3be0537ebf.js:2
l @ 2193-67ae5e3be0537ebf.js:2
s @ 2193-67ae5e3be0537ebf.js:2
Promise.then
i @ 2193-67ae5e3be0537ebf.js:2
(anonymous) @ 2193-67ae5e3be0537ebf.js:2
dispatch @ 2193-67ae5e3be0537ebf.js:2
(anonymous) @ 2193-67ae5e3be0537ebf.js:1
(anonymous) @ 2193-67ae5e3be0537ebf.js:1
(anonymous) @ 2193-67ae5e3be0537ebf.js:2
prefetch @ 2193-67ae5e3be0537ebf.js:1
(anonymous) @ 1925-f0abd0239cee855e.js:1
p @ 1925-f0abd0239cee855e.js:1
(anonymous) @ 1925-f0abd0239cee855e.js:1
oT @ 83d6bfb5-b5fdf9edd775521f.js:1
o9 @ 83d6bfb5-b5fdf9edd775521f.js:1
o5 @ 83d6bfb5-b5fdf9edd775521f.js:1
o9 @ 83d6bfb5-b5fdf9edd775521f.js:1
o5 @ 83d6bfb5-b5fdf9edd775521f.js:1
o9 @ 83d6bfb5-b5fdf9edd775521f.js:1
o5 @ 83d6bfb5-b5fdf9edd775521f.js:1
o9 @ 83d6bfb5-b5fdf9edd775521f.js:1
o5 @ 83d6bfb5-b5fdf9edd775521f.js:1
o9 @ 83d6bfb5-b5fdf9edd775521f.js:1
o5 @ 83d6bfb5-b5fdf9edd775521f.js:1
o9 @ 83d6bfb5-b5fdf9edd775521f.js:1
o5 @ 83d6bfb5-b5fdf9edd775521f.js:1
o9 @ 83d6bfb5-b5fdf9edd775521f.js:1
o5 @ 83d6bfb5-b5fdf9edd775521f.js:1
o9 @ 83d6bfb5-b5fdf9edd775521f.js:1
o5 @ 83d6bfb5-b5fdf9edd775521f.js:1
o9 @ 83d6bfb5-b5fdf9edd775521f.js:1
o5 @ 83d6bfb5-b5fdf9edd775521f.js:1
o9 @ 83d6bfb5-b5fdf9edd775521f.js:1
o5 @ 83d6bfb5-b5fdf9edd775521f.js:1
o9 @ 83d6bfb5-b5fdf9edd775521f.js:1
o5 @ 83d6bfb5-b5fdf9edd775521f.js:1
o9 @ 83d6bfb5-b5fdf9edd775521f.js:1
o5 @ 83d6bfb5-b5fdf9edd775521f.js:1
o9 @ 83d6bfb5-b5fdf9edd775521f.js:1
o5 @ 83d6bfb5-b5fdf9edd775521f.js:1
o9 @ 83d6bfb5-b5fdf9edd775521f.js:1
o5 @ 83d6bfb5-b5fdf9edd775521f.js:1
o9 @ 83d6bfb5-b5fdf9edd775521f.js:1
o5 @ 83d6bfb5-b5fdf9edd775521f.js:1
o9 @ 83d6bfb5-b5fdf9edd775521f.js:1
o5 @ 83d6bfb5-b5fdf9edd775521f.js:1
o9 @ 83d6bfb5-b5fdf9edd775521f.js:1
o5 @ 83d6bfb5-b5fdf9edd775521f.js:1
o9 @ 83d6bfb5-b5fdf9edd775521f.js:1
o5 @ 83d6bfb5-b5fdf9edd775521f.js:1
o9 @ 83d6bfb5-b5fdf9edd775521f.js:1
o5 @ 83d6bfb5-b5fdf9edd775521f.js:1
o9 @ 83d6bfb5-b5fdf9edd775521f.js:1
o5 @ 83d6bfb5-b5fdf9edd775521f.js:1
o9 @ 83d6bfb5-b5fdf9edd775521f.js:1
o5 @ 83d6bfb5-b5fdf9edd775521f.js:1
o9 @ 83d6bfb5-b5fdf9edd775521f.js:1
o5 @ 83d6bfb5-b5fdf9edd775521f.js:1
o9 @ 83d6bfb5-b5fdf9edd775521f.js:1
o5 @ 83d6bfb5-b5fdf9edd775521f.js:1
o9 @ 83d6bfb5-b5fdf9edd775521f.js:1
o5 @ 83d6bfb5-b5fdf9edd775521f.js:1
o9 @ 83d6bfb5-b5fdf9edd775521f.js:1
o5 @ 83d6bfb5-b5fdf9edd775521f.js:1
o9 @ 83d6bfb5-b5fdf9edd775521f.js:1
o5 @ 83d6bfb5-b5fdf9edd775521f.js:1
o9 @ 83d6bfb5-b5fdf9edd775521f.js:1
o5 @ 83d6bfb5-b5fdf9edd775521f.js:1
o9 @ 83d6bfb5-b5fdf9edd775521f.js:1
o5 @ 83d6bfb5-b5fdf9edd775521f.js:1
o9 @ 83d6bfb5-b5fdf9edd775521f.js:1
o5 @ 83d6bfb5-b5fdf9edd775521f.js:1
o9 @ 83d6bfb5-b5fdf9edd775521f.js:1
o5 @ 83d6bfb5-b5fdf9edd775521f.js:1
o9 @ 83d6bfb5-b5fdf9edd775521f.js:1
o5 @ 83d6bfb5-b5fdf9edd775521f.js:1
o9 @ 83d6bfb5-b5fdf9edd775521f.js:1
o5 @ 83d6bfb5-b5fdf9edd775521f.js:1
o9 @ 83d6bfb5-b5fdf9edd775521f.js:1
o5 @ 83d6bfb5-b5fdf9edd775521f.js:1
o9 @ 83d6bfb5-b5fdf9edd775521f.js:1
o5 @ 83d6bfb5-b5fdf9edd775521f.js:1
o9 @ 83d6bfb5-b5fdf9edd775521f.js:1
o5 @ 83d6bfb5-b5fdf9edd775521f.js:1
o9 @ 83d6bfb5-b5fdf9edd775521f.js:1
o5 @ 83d6bfb5-b5fdf9edd775521f.js:1
o9 @ 83d6bfb5-b5fdf9edd775521f.js:1
o5 @ 83d6bfb5-b5fdf9edd775521f.js:1
o9 @ 83d6bfb5-b5fdf9edd775521f.js:1
o5 @ 83d6bfb5-b5fdf9edd775521f.js:1
o9 @ 83d6bfb5-b5fdf9edd775521f.js:1
o5 @ 83d6bfb5-b5fdf9edd775521f.js:1
o9 @ 83d6bfb5-b5fdf9edd775521f.js:1
o5 @ 83d6bfb5-b5fdf9edd775521f.js:1
o9 @ 83d6bfb5-b5fdf9edd775521f.js:1
o5 @ 83d6bfb5-b5fdf9edd775521f.js:1
o9 @ 83d6bfb5-b5fdf9edd775521f.js:1
o5 @ 83d6bfb5-b5fdf9edd775521f.js:1
o9 @ 83d6bfb5-b5fdf9edd775521f.js:1
o5 @ 83d6bfb5-b5fdf9edd775521f.js:1
o9 @ 83d6bfb5-b5fdf9edd775521f.js:1
o5 @ 83d6bfb5-b5fdf9edd775521f.js:1
o9 @ 83d6bfb5-b5fdf9edd775521f.js:1
o5 @ 83d6bfb5-b5fdf9edd775521f.js:1
o9 @ 83d6bfb5-b5fdf9edd775521f.js:1
o5 @ 83d6bfb5-b5fdf9edd775521f.js:1
o9 @ 83d6bfb5-b5fdf9edd775521f.js:1
o5 @ 83d6bfb5-b5fdf9edd775521f.js:1
o9 @ 83d6bfb5-b5fdf9edd775521f.js:1
o5 @ 83d6bfb5-b5fdf9edd775521f.js:1
o9 @ 83d6bfb5-b5fdf9edd775521f.js:1
o5 @ 83d6bfb5-b5fdf9edd775521f.js:1
o9 @ 83d6bfb5-b5fdf9edd775521f.js:1
o5 @ 83d6bfb5-b5fdf9edd775521f.js:1
o9 @ 83d6bfb5-b5fdf9edd775521f.js:1
o5 @ 83d6bfb5-b5fdf9edd775521f.js:1
o9 @ 83d6bfb5-b5fdf9edd775521f.js:1
o5 @ 83d6bfb5-b5fdf9edd775521f.js:1
o9 @ 83d6bfb5-b5fdf9edd775521f.js:1
o5 @ 83d6bfb5-b5fdf9edd775521f.js:1
o9 @ 83d6bfb5-b5fdf9edd775521f.js:1
o5 @ 83d6bfb5-b5fdf9edd775521f.js:1
o9 @ 83d6bfb5-b5fdf9edd775521f.js:1
o5 @ 83d6bfb5-b5fdf9edd775521f.js:1
o9 @ 83d6bfb5-b5fdf9edd775521f.js:1
o5 @ 83d6bfb5-b5fdf9edd775521f.js:1
o9 @ 83d6bfb5-b5fdf9edd775521f.js:1
uh @ 83d6bfb5-b5fdf9edd775521f.js:1
u @ 83d6bfb5-b5fdf9edd775521f.js:1
T @ 2193-67ae5e3be0537ebf.js:1
v1?ray=9190c6ff2b2654af&lang=auto:1 [Violation] 'readystatechange' handler took 154ms
99497-e2013e9249b5684b.js:1 `markdownToSafeHTML` should not be imported on the client side.
36232 @ 99497-e2013e9249b5684b.js:1
__webpack_require__ @ webpack-a0dea0c308be40c4.js:1
94765 @ 4446-0364eae73b19c1a1.js:1
__webpack_require__ @ webpack-a0dea0c308be40c4.js:1
4446 @ 4446-0364eae73b19c1a1.js:1
__webpack_require__ @ webpack-a0dea0c308be40c4.js:1
96847 @ 96847-8c0da4880714ff33.js:1
__webpack_require__ @ webpack-a0dea0c308be40c4.js:1
71198 @ page-5f52929effa24925.js:1
__webpack_require__ @ webpack-a0dea0c308be40c4.js:1
Promise.then
37346 @ page-5f52929effa24925.js:1
__webpack_require__ @ webpack-a0dea0c308be40c4.js:1
(anonymous) @ page-5f52929effa24925.js:1
__webpack_require__.O @ webpack-a0dea0c308be40c4.js:1
(anonymous) @ page-5f52929effa24925.js:1
i @ webpack-a0dea0c308be40c4.js:1
(anonymous) @ webpack-a0dea0c308be40c4.js:1
(anonymous) @ webpack-a0dea0c308be40c4.js:1
v1?ray=9190c6ff2b2654af&lang=auto:1 Refused to run the JavaScript URL because it violates the following Content Security Policy directive: "script-src 'nonce-5wim4ON18BOzwaAD' 'unsafe-eval'". Either the 'unsafe-inline' keyword, a hash ('sha256-...'), or a nonce ('nonce-...') is required to enable inline execution. Note that hashes do not apply to event handlers, style attributes and javascript: navigations unless the 'unsafe-hashes' keyword is present.

gh @ v1?ray=9190c6ff2b2654af&lang=auto:1
(anonymous) @ v1?ray=9190c6ff2b2654af&lang=auto:1
(anonymous) @ v1?ray=9190c6ff2b2654af&lang=auto:1
gb @ v1?ray=9190c6ff2b2654af&lang=auto:1
gh @ v1?ray=9190c6ff2b2654af&lang=auto:1
(anonymous) @ v1?ray=9190c6ff2b2654af&lang=auto:1
(anonymous) @ v1?ray=9190c6ff2b2654af&lang=auto:1
gb @ v1?ray=9190c6ff2b2654af&lang=auto:1
gh @ v1?ray=9190c6ff2b2654af&lang=auto:1
(anonymous) @ v1?ray=9190c6ff2b2654af&lang=auto:1
(anonymous) @ v1?ray=9190c6ff2b2654af&lang=auto:1
gb @ v1?ray=9190c6ff2b2654af&lang=auto:1
gh @ v1?ray=9190c6ff2b2654af&lang=auto:1
(anonymous) @ v1?ray=9190c6ff2b2654af&lang=auto:1
(anonymous) @ v1?ray=9190c6ff2b2654af&lang=auto:1
gb @ v1?ray=9190c6ff2b2654af&lang=auto:1
v1?ray=9190c6ff2b2654af&lang=auto:1 Refused to run the JavaScript URL because it violates the following Content Security Policy directive: "script-src 'nonce-5wim4ON18BOzwaAD' 'unsafe-eval'". Either the 'unsafe-inline' keyword, a hash ('sha256-...'), or a nonce ('nonce-...') is required to enable inline execution. Note that hashes do not apply to event handlers, style attributes and javascript: navigations unless the 'unsafe-hashes' keyword is present.

gh @ v1?ray=9190c6ff2b2654af&lang=auto:1
(anonymous) @ v1?ray=9190c6ff2b2654af&lang=auto:1
(anonymous) @ v1?ray=9190c6ff2b2654af&lang=auto:1
gb @ v1?ray=9190c6ff2b2654af&lang=auto:1
gh @ v1?ray=9190c6ff2b2654af&lang=auto:1
(anonymous) @ v1?ray=9190c6ff2b2654af&lang=auto:1
(anonymous) @ v1?ray=9190c6ff2b2654af&lang=auto:1
gb @ v1?ray=9190c6ff2b2654af&lang=auto:1
gh @ v1?ray=9190c6ff2b2654af&lang=auto:1
(anonymous) @ v1?ray=9190c6ff2b2654af&lang=auto:1
(anonymous) @ v1?ray=9190c6ff2b2654af&lang=auto:1
gb @ v1?ray=9190c6ff2b2654af&lang=auto:1
gh @ v1?ray=9190c6ff2b2654af&lang=auto:1
(anonymous) @ v1?ray=9190c6ff2b2654af&lang=auto:1
(anonymous) @ v1?ray=9190c6ff2b2654af&lang=auto:1
gb @ v1?ray=9190c6ff2b2654af&lang=auto:1
v1?ray=9190c6ff2b2654af&lang=auto:1 [Violation] Avoid using document.write(). https://developers.google.com/web/updates/2016/08/removing-document-write
gh @ v1?ray=9190c6ff2b2654af&lang=auto:1
(anonymous) @ v1?ray=9190c6ff2b2654af&lang=auto:1
(anonymous) @ v1?ray=9190c6ff2b2654af&lang=auto:1
gb @ v1?ray=9190c6ff2b2654af&lang=auto:1
gh @ v1?ray=9190c6ff2b2654af&lang=auto:1
(anonymous) @ v1?ray=9190c6ff2b2654af&lang=auto:1
(anonymous) @ v1?ray=9190c6ff2b2654af&lang=auto:1
gb @ v1?ray=9190c6ff2b2654af&lang=auto:1
gh @ v1?ray=9190c6ff2b2654af&lang=auto:1
(anonymous) @ v1?ray=9190c6ff2b2654af&lang=auto:1
(anonymous) @ v1?ray=9190c6ff2b2654af&lang=auto:1
gb @ v1?ray=9190c6ff2b2654af&lang=auto:1
gh @ v1?ray=9190c6ff2b2654af&lang=auto:1
(anonymous) @ v1?ray=9190c6ff2b2654af&lang=auto:1
(anonymous) @ v1?ray=9190c6ff2b2654af&lang=auto:1
gb @ v1?ray=9190c6ff2b2654af&lang=auto:1
30235-c1f02abea3900f71.js:1 `themeBasis` is required for booking page theme support. Not providing it will cause theme flicker.
(anonymous) @ 30235-c1f02abea3900f71.js:1
CalcomThemeProvider @ 30235-c1f02abea3900f71.js:1
Hf @ 8593596e-795ad9f657a109ca.js:9
rx @ 8593596e-795ad9f657a109ca.js:9
Lk @ 8593596e-795ad9f657a109ca.js:9
(anonymous) @ 8593596e-795ad9f657a109ca.js:9
(anonymous) @ 8593596e-795ad9f657a109ca.js:9
mf @ 8593596e-795ad9f657a109ca.js:9
P @ 99619-24345bab72de3752.js:25
71819-84aa4a95bbaff059.js:25 [DEPRECATED] Use `createWithEqualityFn` instead of `create` or use `useStoreWithEqualityFn` instead of `useStore`. They can be imported from 'zustand/traditional'. https://github.com/pmndrs/zustand/discussions/1937
useStore @ 71819-84aa4a95bbaff059.js:25
useBoundStore @ 71819-84aa4a95bbaff059.js:25
useEvent @ 96847-8c0da4880714ff33.js:1
BookerWebWrapper @ 96847-8c0da4880714ff33.js:1
Hf @ 8593596e-795ad9f657a109ca.js:9
rx @ 8593596e-795ad9f657a109ca.js:9
Lk @ 8593596e-795ad9f657a109ca.js:9
(anonymous) @ 8593596e-795ad9f657a109ca.js:9
(anonymous) @ 8593596e-795ad9f657a109ca.js:9
mf @ 8593596e-795ad9f657a109ca.js:9
P @ 99619-24345bab72de3752.js:25
96847-8c0da4880714ff33.js:1 QuickAvailabilityCheck feature enabled: false
96847-8c0da4880714ff33.js:1 QuickAvailabilityCheck feature enabled: false
v1?ray=9190c6ff2b2654af&lang=auto:1 Request for the Private Access Token challenge.
v1?ray=9190c6ff2b2654af&lang=auto:1 
auto/:1 The resource https://challenges.cloudflare.com/cdn-cgi/challenge-platform/h/b/cmg/1 was preloaded using link preload but not used within a few seconds from the window's load event. Please make sure it has an appropriate `as` value and it is preloaded intentionally.
