z.log\beta.slideheroes.com-1744750866856.log Noop analytics service called with event: initialize
 Keeping component from rendering if no languages or namespaces are loaded. Iteration: 1. Will stop after 20 iterations.
 Noop analytics service called with event: trackPageView /
challenges.cloudflare.com/cdn-cgi/challenge-platform/h/b/flow/ov1/1594280880:1744748968:7junjkX0qiWeVnxrpI21mWYNuLKk9yg_3EAeC_DG5y0/930e5fae1f9aac54/RfggHXi8SUN5yyAGeby5_9XpGafWSH2FFfW_vRb2iFU-1744750840-1.1.1.1-_VJ8tuzA7GLu2ILfKGiN3pYRWyTBg6AE2Rg8yfgO7YM1EfIdz2BTAaLu.shNwmUT:1 
            
            
           Failed to load resource: the server responded with a status of 400 ()
api.js?onload=onloadTurnstileCallback&render=explicit:1 Uncaught TurnstileError: [Cloudflare Turnstile] Error: 110200.
    at g (api.js?onload=onloadTurnstileCallback&render=explicit:1:11022)
    at N (api.js?onload=onloadTurnstileCallback&render=explicit:1:36515)
1913-493fc8a81fe56890.js:1 Noop analytics service called with event: trackPageView /auth/sign-in
/auth/sign-in:1 [DOM] Input elements should have autocomplete attributes (suggested: "current-password"): (More info: https://goo.gl/9p2vKq) <input class=​"border-input file:​text-foreground hover:​border-ring/​50 placeholder:​text-muted-foreground focus-visible:​ring-ring flex h-9 w-full rounded-md border bg-transparent px-3 py-1 text-base shadow-2xs transition-colors file:​border-0 file:​bg-transparent file:​text-sm file:​font-medium focus-visible:​ring-1 focus-visible:​outline-hidden disabled:​cursor-not-allowed disabled:​opacity-50 md:​text-sm" required data-test=​"password-input" placeholder id=​"«r2»-form-item" aria-describedby=​"«r2»-form-item-description" aria-invalid=​"false" type=​"password" value=​"aiesec1992" name=​"password">​
service-worker.js:109 Service Worker installing.
service-worker.js:113 Service Worker activated.
challenges.cloudflare.com/cdn-cgi/challenge-platform/h/b/turnstile/if/ov2/av0/rcv/w9td0/0x4AAAAAAAb5njnbIjM1qGP1/auto/fbE/new/normal/auto/:1 The resource https://challenges.cloudflare.com/cdn-cgi/challenge-platform/h/b/cmg/1 was preloaded using link preload but not used within a few seconds from the window's load event. Please make sure it has an appropriate `as` value and it is preloaded intentionally.
1913-493fc8a81fe56890.js:1 Noop analytics service called with event: identify f47ac10b-58cc-4372-a567-0e02b2c3d479 Object
error-31e29ec90392150a.js:1 [Console Monitoring] Identified user Object
challenges.cloudflare.com/cdn-cgi/challenge-platform/h/b/flow/ov1/872809300:1744749032:KxKuKm5NasYx1J9DO5oZqeRwOrzDzw_HfJxpjdKOguA/930e5ff27fb3ac54/CufJdtWdGAHyIcFhUGBWeMCPIEznYwmCoGlv66Wq8rU-1744750850-1.1.1.1-gMER1UlSSOjA7RE4rayg3wxe.0OMSW33xwJmjDdrB86lz9s6WIxlSVbQfMntz0j_:1 
            
            
           Failed to load resource: the server responded with a status of 400 ()
api.js?onload=onloadTurnstileCallback&render=explicit:1 Uncaught TurnstileError: [Cloudflare Turnstile] Error: 110200.
    at g (api.js?onload=onloadTurnstileCallback&render=explicit:1:11022)
    at N (api.js?onload=onloadTurnstileCallback&render=explicit:1:36515)
1913-493fc8a81fe56890.js:1 Noop analytics service called with event: trackPageView /home
challenges.cloudflare.com/cdn-cgi/challenge-platform/h/b/turnstile/if/ov2/av0/rcv2l8jSB9rqpkKo06hTfenp0YjAAkqRqJIyOVXpprAjn4-1744750840-1.3.1.1-_hUzE0jI8XuoK_jXaNmkH3HCNZCUTboWVfWdJ7QOy38/w9td0/0x4AAAAAAAb5njnbIjM1qGP1/auto/fbE/failure_retry/normal/auto/:1 The resource https://challenges.cloudflare.com/cdn-cgi/challenge-platform/h/b/cmg/1 was preloaded using link preload but not used within a few seconds from the window's load event. Please make sure it has an appropriate `as` value and it is preloaded intentionally.
1913-493fc8a81fe56890.js:1 Noop analytics service called with event: trackPageView /home/course
hook.js:608 Error: An error occurred in the Server Components render. The specific message is omitted in production builds to avoid leaking sensitive details. A digest property is included on this error instance which may provide additional details about the nature of the error.
overrideMethod @ hook.js:608
hook.js:608 [Console Monitoring] Caught exception: {"digest":"1464392668"}
overrideMethod @ hook.js:608
21246-27f8254e307d4d20.js:1 `markdownToSafeHTML` should not be imported on the client side.
13489 @ 21246-27f8254e307d4d20.js:1
69120-52b264b1caf9692a.js:1 react-i18next:: You will need to pass in an i18next instance by using initReactI18next
l @ 69120-52b264b1caf9692a.js:1
40027-804af65192c7c970.js:1 [DEPRECATED] Use `createWithEqualityFn` instead of `create` or use `useStoreWithEqualityFn` instead of `useStore`. They can be imported from 'zustand/traditional'. https://github.com/pmndrs/zustand/discussions/1937
c @ 40027-804af65192c7c970.js:1
86151-cf21e88e4ec3322b.js:1 QuickAvailabilityCheck feature enabled: false
86151-cf21e88e4ec3322b.js:1 QuickAvailabilityCheck feature enabled: false

                
          
          
          
         Chrome is moving towards a new experience that allows users to choose to browse without third-party cookies.

                
          
          
          
         Chrome is moving towards a new experience that allows users to choose to browse without third-party cookies.
v1?ray=930e60370de8ac54&lang=auto:1 
            
            
           POST https://challenges.cloudflare.com/cdn-cgi/challenge-platform/h/b/flow/ov1/1104482449:1744749061:o-hQFm7G_AWk-b7jS8cfi1fohZJI1ggUTZ-Ny3JCX14/930e60370de8ac54/m.DiN.ar4gnAFMeUB5vChKKqVR1_6q6pKkiI8OD5lbc-1744750861-1.1.1.1-ZPQfMUUY2lIScKGit_Hbv7f7VnQDVz40nfmiR0ZF3UP173xl9Bg8Lb4xht.Rryrx 400 (Bad Request)
fD @ v1?ray=930e60370de8ac54&lang=auto:1
api.js?onload=onloadTurnstileCallback&render=explicit:1 Uncaught TurnstileError: [Cloudflare Turnstile] Error: 110200.
    at g (api.js?onload=onloadTurnstileCallback&render=explicit:1:11022)
    at N (api.js?onload=onloadTurnstileCallback&render=explicit:1:36515)
g @ api.js?onload=onloadTurnstileCallback&render=explicit:1
N @ api.js?onload=onloadTurnstileCallback&render=explicit:1
auto/:1 The resource https://challenges.cloudflare.com/cdn-cgi/challenge-platform/h/b/cmg/1 was preloaded using link preload but not used within a few seconds from the window's load event. Please make sure it has an appropriate `as` value and it is preloaded intentionally.
