[2026-02-26T15:30:01Z] Starting sync (dry_run=false)
[2026-02-26T15:30:11Z] Phase A: Todoist → MC (delta via Sync API)
[2026-02-26T15:30:12Z] Phase A2: Create MC tasks from unlinked Todoist items
[2026-02-26T15:30:24Z] Phase B: MC → Todoist
[2026-02-26T15:30:25Z] Skipped already-tombstoned Todoist item 6g4hmPFg57hvmCrR (MC#623 done)
[2026-02-26T15:30:25Z] Skipped already-tombstoned Todoist item 6g4hmPGVPGqH7vF2 (MC#622 done)
[2026-02-26T15:30:26Z] Skipped already-tombstoned Todoist item 6g3Gr8JJMjCJXMXh (MC#526 done)
[2026-02-26T15:30:26Z] Skipped already-tombstoned Todoist item 6g4Hq4rvg37VWP94 (MC#617 done)
[2026-02-26T15:30:26Z] Skipped already-tombstoned Todoist item 6fxPJHrvFWhPm5PX (MC#208 done)
[2026-02-26T15:30:26Z] Skipped already-tombstoned Todoist item 6g4MgGPQ58wQcg4X (MC#620 done)
[2026-02-26T15:30:26Z] Skipped already-tombstoned Todoist item 6g4XGhxCxf9VxwQX (MC#621 done)
[2026-02-26T15:30:26Z] Skipped already-tombstoned Todoist item 6g32CWjP54XW3M84 (MC#491 done)
[2026-02-26T15:30:26Z] Skipped already-tombstoned Todoist item 6g32CW8qh96Vj874 (MC#471 done)
[2026-02-26T15:30:26Z] Skipped already-tombstoned Todoist item 6g4CqQ4P39FXqg5W (MC#594 done)
[2026-02-26T15:30:27Z] Skipped already-tombstoned Todoist item 6g2r3c92jXMCJ9r9 (MC#475 done)
[2026-02-26T15:30:27Z] Skipped already-tombstoned Todoist item 6fxPJPXHxVX4wFM2 (MC#224 done)
[2026-02-26T15:30:29Z] Skipped already-tombstoned Todoist item 6fxfQWMV8HGpjQ8h (MC#438 done)
[2026-02-26T15:30:29Z] Skipped already-tombstoned Todoist item 10001247965 (MC#257 done)
[2026-02-26T15:30:29Z] Skipped already-tombstoned Todoist item 6fxPJHp4HCpjhrPX (MC#207 done)
[2026-02-26T15:30:31Z] Skipped already-tombstoned Todoist item 6fxcVcF6CFjpQ7Q4 (MC#424 done)
[2026-02-26T15:30:31Z] Skipped already-tombstoned Todoist item 6g32CRGQHWx8f4mW (MC#466 done)
[2026-02-26T15:30:31Z] Skipped already-tombstoned Todoist item 6g32CRq2Rr6rp8F4 (MC#465 done)
[2026-02-26T15:30:31Z] Skipped already-tombstoned Todoist item 10001245937 (MC#246 done)
[2026-02-26T15:30:31Z] Skipped already-tombstoned Todoist item 6g32CR6PWmgHxf5W (MC#463 done)
[2026-02-26T15:30:31Z] Skipped already-tombstoned Todoist item 6g24P9r9H57wWvVW (MC#455 done)
[2026-02-26T15:30:31Z] Skipped already-tombstoned Todoist item 6g32CRcxMHJv5gM4 (MC#464 done)
[2026-02-26T15:30:33Z] Skipped already-tombstoned Todoist item 6g32CVXq8hVPJqq4 (MC#458 done)
[2026-02-26T15:30:33Z] Skipped already-tombstoned Todoist item 6fxPJG54GrMXWGqh (MC#117 done)
[2026-02-26T15:30:33Z] Skipped already-tombstoned Todoist item 10002439161 (MC#116 done)
[2026-02-26T15:30:33Z] Skipped already-tombstoned Todoist item 6fxJ5VrMgfF237xg (MC#417 done)
[2026-02-26T15:30:33Z] Skipped already-tombstoned Todoist item 10001240636 (MC#372 done)
[2026-02-26T15:30:33Z] Skipped already-tombstoned Todoist item 6g2r3Xc9fjP989xh (MC#480 done)
[2026-02-26T15:30:33Z] Skipped already-tombstoned Todoist item 10002438744 (MC#328 done)
[2026-02-26T15:30:33Z] Skipped already-tombstoned Todoist item 6fxPJHFxrqF9jPr5 (MC#196 done)
[2026-02-26T15:30:33Z] Skipped already-tombstoned Todoist item 6g32hR4Rf6J6RJvh (MC#516 done)
[2026-02-26T15:30:33Z] Skipped already-tombstoned Todoist item 6fxPJGwPWc7pQw29 (MC#154 done)
[2026-02-26T15:30:33Z] Skipped already-tombstoned Todoist item 6g3H38JFhGf9fCmh (MC#528 done)
[2026-02-26T15:30:33Z] Skipped already-tombstoned Todoist item 6g32hRWfjVX2WHg9 (MC#512 done)
[2026-02-26T15:30:33Z] Skipped already-tombstoned Todoist item 6g32hRwFmJff4Q2h (MC#509 done)
[2026-02-26T15:30:33Z] Skipped already-tombstoned Todoist item 6g32hV7h84wx8Pq9 (MC#508 done)
[2026-02-26T15:30:37Z] Skipped already-tombstoned Todoist item 6fvwXQ2hCPx6Gwrm (MC#296 done)
[2026-02-26T15:30:37Z] Skipped already-tombstoned Todoist item 6fxPJQ26qj2m392R (MC#260 done)
[2026-02-26T15:30:37Z] Skipped already-tombstoned Todoist item 6fxcVXHQ9hhfmpq4 (MC#431 done)
[2026-02-26T15:30:37Z] Skipped already-tombstoned Todoist item 6fxcVXMfxVfMjM8W (MC#430 done)
[2026-02-26T15:30:37Z] Skipped already-tombstoned Todoist item 6fxcVXfhXj8fRjJW (MC#429 done)
[2026-02-26T15:30:37Z] Skipped already-tombstoned Todoist item 6fxcVXjM6F7qPV94 (MC#428 done)
[2026-02-26T15:30:37Z] Skipped already-tombstoned Todoist item 6fxcVWwPgPCGmfF4 (MC#434 done)
[2026-02-26T15:30:37Z] Skipped already-tombstoned Todoist item 6fxcVc49X2gHwP5W (MC#425 done)
[2026-02-26T15:30:37Z] Skipped already-tombstoned Todoist item 6g24P9pww6wfX3pW (MC#456 done)
[2026-02-26T15:30:37Z] Skipped already-tombstoned Todoist item 6fxw3GfWHJ57MCcW (MC#451 done)
[2026-02-26T15:30:37Z] Skipped already-tombstoned Todoist item 6fxcVXpFVmqH6c2W (MC#427 done)
[2026-02-26T15:30:37Z] Skipped already-tombstoned Todoist item 6g24PC45xjRq2rp4 (MC#454 done)
[2026-02-26T15:30:37Z] Skipped already-tombstoned Todoist item 6fw3XF6h9JHPgJRF (MC#268 done)
[2026-02-26T15:30:38Z] Skipped already-tombstoned Todoist item 6fxw3X9f9gP6J57M (MC#449 done)
[2026-02-26T15:30:38Z] Skipped already-tombstoned Todoist item 6fxPJFH78vXPQmJh (MC#105 done)
[2026-02-26T15:30:38Z] Skipped already-tombstoned Todoist item 6fxPJRGrp5Xh9g74 (MC#76 done)
[2026-02-26T15:30:38Z] Skipped already-tombstoned Todoist item 6fxPJRCx4v95pJC4 (MC#29 done)
[2026-02-26T15:30:38Z] Skipped already-tombstoned Todoist item 6fxPJPWJ2Xw9V2m2 (MC#225 done)
[2026-02-26T15:30:38Z] Skipped already-tombstoned Todoist item 6fxcVXwXF6534vXW (MC#426 done)
[2026-02-26T15:30:38Z] Skipped already-tombstoned Todoist item 6fxcVcj6cxx3VG7W (MC#420 done)
[2026-02-26T15:30:39Z] Skipped already-tombstoned Todoist item 6fxPJPFXmJ8RC5Hv (MC#163 done)
[2026-02-26T15:30:39Z] Skipped already-tombstoned Todoist item 10001246267 (MC#253 done)
[2026-02-26T15:30:39Z] Skipped already-tombstoned Todoist item 6fxfQVwRGR4cRxWW (MC#439 done)
[2026-02-26T15:30:39Z] Skipped already-tombstoned Todoist item 10005586409 (MC#423 done)
[2026-02-26T15:30:39Z] Skipped already-tombstoned Todoist item 10002517234 (MC#351 done)
[2026-02-26T15:30:39Z] Skipped already-tombstoned Todoist item 10002517272 (MC#350 done)
[2026-02-26T15:30:39Z] Skipped already-tombstoned Todoist item 10005586453 (MC#422 done)
[2026-02-26T15:30:39Z] Skipped already-tombstoned Todoist item 10005586500 (MC#421 done)
[2026-02-26T15:30:39Z] Skipped already-tombstoned Todoist item 10002438915 (MC#99 done)
[2026-02-26T15:30:39Z] Skipped already-tombstoned Todoist item 10002438872 (MC#98 done)
[2026-02-26T15:30:39Z] Skipped already-tombstoned Todoist item 10002438505 (MC#336 done)
[2026-02-26T15:30:39Z] Skipped already-tombstoned Todoist item 10002438556 (MC#334 done)
[2026-02-26T15:30:39Z] Skipped already-tombstoned Todoist item 10002440312 (MC#170 done)
[2026-02-26T15:30:39Z] Skipped already-tombstoned Todoist item 10002440534 (MC#159 done)
[2026-02-26T15:30:39Z] Skipped already-tombstoned Todoist item 10002439387 (MC#146 done)
[2026-02-26T15:30:39Z] Skipped already-tombstoned Todoist item 10002517389 (MC#348 done)
[2026-02-26T15:30:40Z] Skipped already-tombstoned Todoist item 10002517469 (MC#346 done)
[2026-02-26T15:30:40Z] Skipped already-tombstoned Todoist item 10002517506 (MC#345 done)
[2026-02-26T15:30:40Z] Skipped already-tombstoned Todoist item 10002236254 (MC#222 done)
[2026-02-26T15:30:40Z] Skipped already-tombstoned Todoist item 10002517199 (MC#352 done)
[2026-02-26T15:30:40Z] Skipped already-tombstoned Todoist item 10002517354 (MC#349 done)
[2026-02-26T15:30:40Z] Skipped already-tombstoned Todoist item 10002440704 (MC#259 done)
[2026-02-26T15:30:40Z] Skipped already-tombstoned Todoist item 10002438234 (MC#344 done)
[2026-02-26T15:30:40Z] Skipped already-tombstoned Todoist item 10001646397 (MC#14 done)
[2026-02-26T15:30:40Z] Skipped already-tombstoned Todoist item 10001646312 (MC#61 done)
[2026-02-26T15:30:40Z] Skipped already-tombstoned Todoist item 10001646233 (MC#57 done)
[2026-02-26T15:30:40Z] Skipped already-tombstoned Todoist item 10001646132 (MC#46 done)
[2026-02-26T15:30:40Z] Skipped already-tombstoned Todoist item 10001646063 (MC#13 done)
[2026-02-26T15:30:40Z] Skipped already-tombstoned Todoist item 10001646000 (MC#56 done)
[2026-02-26T15:30:40Z] Skipped already-tombstoned Todoist item 10001645908 (MC#19 done)
[2026-02-26T15:30:40Z] Skipped already-tombstoned Todoist item 10001645796 (MC#88 done)
[2026-02-26T15:30:41Z] Skipped already-tombstoned Todoist item 10001645728 (MC#10 done)
[2026-02-26T15:30:41Z] Skipped already-tombstoned Todoist item 10001645672 (MC#60 done)
[2026-02-26T15:30:41Z] Skipped already-tombstoned Todoist item 10001645612 (MC#35 done)
[2026-02-26T15:30:41Z] Skipped already-tombstoned Todoist item 10001645542 (MC#26 done)
[2026-02-26T15:30:41Z] Skipped already-tombstoned Todoist item 10001645453 (MC#21 done)
[2026-02-26T15:30:43Z] Skipped already-tombstoned Todoist item 6fxPJGg3p5gpJX4W (MC#270 done)
[2026-02-26T15:30:43Z] Skipped already-tombstoned Todoist item 10002438850 (MC#325 done)
[2026-02-26T15:30:44Z] Skipped already-tombstoned Todoist item 6fxPJ9qWrvwCrwm4 (MC#333 done)
[2026-02-26T15:30:44Z] Skipped already-tombstoned Todoist item 10002438644 (MC#331 done)
[2026-02-26T15:30:44Z] Skipped already-tombstoned Todoist item 6fxPJCMCrrq6X6V4 (MC#329 done)
[2026-02-26T15:30:44Z] Skipped already-tombstoned Todoist item 6g2r3c4vhJ2R85Jh (MC#476 done)
[2026-02-26T15:30:44Z] Skipped already-tombstoned Todoist item 6g32hQHM3f597vw9 (MC#522 done)
[2026-02-26T15:30:44Z] Skipped already-tombstoned Todoist item 6g32hQh5PhwP2hWh (MC#519 done)
[2026-02-26T15:30:44Z] Skipped already-tombstoned Todoist item 6g32XmWcRv2mH859 (MC#502 done)
[2026-02-26T15:30:44Z] Skipped already-tombstoned Todoist item 6g32Xp3J957WJMQh (MC#498 done)
[2026-02-26T15:30:44Z] Skipped already-tombstoned Todoist item 6g32hRj92v7qc3gh (MC#511 done)
[2026-02-26T15:30:44Z] Skipped already-tombstoned Todoist item 6g32hRpf92WGhF89 (MC#510 done)
[2026-02-26T15:30:44Z] Skipped already-tombstoned Todoist item 6g2r3XvH7p3g8p7h (MC#478 done)
[2026-02-26T15:30:44Z] Skipped already-tombstoned Todoist item 6g3H38PM2xpmRwx9 (MC#527 done)
[2026-02-26T15:30:44Z] Skipped already-tombstoned Todoist item 6g32hQrc24PrVpM9 (MC#518 done)
[2026-02-26T15:30:45Z] Skipped already-tombstoned Todoist item 6g32hQCjmfwCcGjh (MC#523 done)
[2026-02-26T15:30:45Z] Skipped already-tombstoned Todoist item 6g32hQXhw4JPrc79 (MC#520 done)
[2026-02-26T15:30:45Z] Skipped already-tombstoned Todoist item 6g3QC6xgGjJPwq99 (MC#539 done)
[2026-02-26T15:30:45Z] Skipped already-tombstoned Todoist item 6g2r3Xx6R3w5g94h (MC#477 done)
[2026-02-26T15:30:45Z] Skipped already-tombstoned Todoist item 6g2r3cPqCQfjmr6h (MC#473 done)
[2026-02-26T15:30:45Z] Skipped already-tombstoned Todoist item 6g2r3cHcf5F6998h (MC#474 done)
[2026-02-26T15:30:45Z] Skipped already-tombstoned Todoist item 6g32XmJW48P2hJh9 (MC#503 done)
[2026-02-26T15:30:45Z] Skipped already-tombstoned Todoist item 6g2r3X32QVH77R99 (MC#486 done)
[2026-02-26T15:30:45Z] Skipped already-tombstoned Todoist item 6g32XpHc7pg4jRGh (MC#495 done)
[2026-02-26T15:30:46Z] Skipped already-tombstoned Todoist item 6g2r3XC87gHmjqv9 (MC#483 done)
[2026-02-26T15:30:46Z] Skipped already-tombstoned Todoist item 6g32XmxCGm6f52w9 (MC#499 done)
[2026-02-26T15:30:46Z] Skipped already-tombstoned Todoist item 6g32Xp5rv24XgXfh (MC#497 done)
[2026-02-26T15:30:46Z] Skipped already-tombstoned Todoist item 6g32XpW8WxV9WHQ9 (MC#493 done)
[2026-02-26T15:30:46Z] Skipped already-tombstoned Todoist item 6g32XpFC43PVwW7h (MC#496 done)
[2026-02-26T15:30:46Z] Skipped already-tombstoned Todoist item 6g2r3X5WRCvmgCQ9 (MC#485 done)
[2026-02-26T15:30:46Z] Skipped already-tombstoned Todoist item 6g32Xjwh4GH9HRWh (MC#507 done)
[2026-02-26T15:30:46Z] Skipped already-tombstoned Todoist item 6g32Xm9VPqPhFVGh (MC#505 done)
[2026-02-26T15:30:46Z] Skipped already-tombstoned Todoist item 6g2r3X7qQh8m8qX9 (MC#484 done)
[2026-02-26T15:30:48Z] Skipped already-tombstoned Todoist item 10006318958 (MC#339 done)
[2026-02-26T15:30:48Z] Phase C: Close Todoist items whose MC task was deleted (soft-close)
[2026-02-26T15:30:49Z] === Sync complete ===
[2026-02-26T15:30:49Z] Todoist→MC: completed_in_mc=0 renamed_in_mc=0 moved_in_mc=0 created_in_mc=0 linked_existing=0
[2026-02-26T15:30:49Z] MC→Todoist: created=0 updated=0 closed=0 linked=0 skipped=0
[2026-02-26T15:30:49Z] MC deletions: closed_in_todoist=0
[2026-02-26T15:30:25Z] ERROR: Failed to create Todoist item for MC#626
[2026-02-26T15:30:26Z] ERROR: Failed to create Todoist item for MC#624

No changes
