[2026-02-26 11:02:57] Checking for OpenClaw updates...
[2026-02-26 11:02:59] Current: 2026.2.24, Latest: 2026.2.25
[2026-02-26 11:02:59] Update available: 2026.2.24 → 2026.2.25
[2026-02-26 11:02:59] Installing update...
[2026-02-26 11:04:08] Running openclaw doctor...
[2026-02-26 11:04:20] State file written to /home/ubuntu/clawd/state/openclaw-update.md
[2026-02-26 11:04:20] Restarting gateway...
[2026-02-26 11:04:26] No Discord webhook configured, skipping notification
[2026-02-26 11:04:26] Update complete: 2026.2.24 → 2026.2.25
[2026-02-26 11:18:40] Checking for OpenClaw updates...
[2026-02-26 11:18:42] Current: 2026.2.24, Latest: 2026.2.25
[2026-02-26 11:18:42] Update available: 2026.2.24 → 2026.2.25
[2026-02-26 11:18:43] Installing update...
[2026-02-26 11:19:37] Running openclaw doctor...
[2026-02-26 11:19:51] State file written to /home/ubuntu/clawd/state/openclaw-update.md
[2026-02-26 11:19:51] Restarting gateway...
[2026-02-26 11:19:57] No Discord webhook configured, skipping notification
[2026-02-26 11:19:57] Update complete: 2026.2.24 → 2026.2.25
[2026-02-27 06:00:01] Checking for OpenClaw updates...
[2026-02-27 06:00:10] Current: 2026.2.25, Latest: 2026.2.26
[2026-02-27 06:00:10] Update available: 2026.2.25 → 2026.2.26
[2026-02-27 06:00:10] Installing update...
[2026-02-27 06:01:46] Running openclaw doctor...
[2026-02-27 06:01:46] WARNING: openclaw doctor exception: [Errno 2] No such file or directory: 'openclaw'
[2026-02-27 06:01:46] State file written to /home/ubuntu/clawd/state/openclaw-update.md
[2026-02-27 06:01:46] Restarting gateway...
[2026-02-27 06:01:46] WARNING: gateway restart exception: [Errno 2] No such file or directory: 'openclaw'
[2026-02-27 06:01:46] No Discord webhook configured, skipping notification
[2026-02-27 06:01:46] Update complete: 2026.2.25 → 2026.2.26
[2026-02-27 06:00:01] Checking for OpenClaw updates...
[2026-02-27 06:00:10] Current: 2026.2.25, Latest: 2026.2.26
[2026-02-27 06:00:10] Update available: 2026.2.25 → 2026.2.26
[2026-02-27 06:00:10] Installing update...
[2026-02-27 06:01:46] Running openclaw doctor...
[2026-02-27 06:01:46] WARNING: openclaw doctor exception: [Errno 2] No such file or directory: 'openclaw'
[2026-02-27 06:01:46] State file written to /home/ubuntu/clawd/state/openclaw-update.md
[2026-02-27 06:01:46] Restarting gateway...
[2026-02-27 06:01:46] WARNING: gateway restart exception: [Errno 2] No such file or directory: 'openclaw'
[2026-02-27 06:01:46] No Discord webhook configured, skipping notification
[2026-02-27 06:01:46] Update complete: 2026.2.25 → 2026.2.26
[2026-02-28 06:00:01] Checking for OpenClaw updates...
[2026-02-28 06:00:10] Current: 2026.2.26, Latest: 2026.2.26
[2026-02-28 06:00:10] OpenClaw is up to date
[2026-02-28 06:00:01] Checking for OpenClaw updates...
[2026-02-28 06:00:10] Current: 2026.2.26, Latest: 2026.2.26
[2026-02-28 06:00:10] OpenClaw is up to date
[2026-03-01 06:00:01] Checking for OpenClaw updates...
[2026-03-01 06:00:08] Current: 2026.2.26, Latest: 2026.2.26
[2026-03-01 06:00:08] OpenClaw is up to date
[2026-03-01 06:00:01] Checking for OpenClaw updates...
[2026-03-01 06:00:08] Current: 2026.2.26, Latest: 2026.2.26
[2026-03-01 06:00:08] OpenClaw is up to date
