[2026-03-02 20:10:01 UTC] ACP session already running — skipping this cycle.
[2026-03-02 20:20:01 UTC] No pending spawn requests.
[2026-03-02 20:30:02 UTC] No pending spawn requests.
[2026-03-02 20:40:01 UTC] No pending spawn requests.
[2026-03-02 20:50:01 UTC] No pending spawn requests.
[2026-03-02 21:00:01 UTC] No pending spawn requests.
[2026-03-02 21:10:01 UTC] No pending spawn requests.
[2026-03-02 21:20:01 UTC] No pending spawn requests.
[2026-03-02 21:30:01 UTC] No pending spawn requests.
[2026-03-02 21:40:01 UTC] No pending spawn requests.
[2026-03-02 21:50:01 UTC] No pending spawn requests.
[2026-03-02 22:00:01 UTC] No pending spawn requests.
[2026-03-02 22:10:01 UTC] No pending spawn requests.
[2026-03-02 22:20:01 UTC] No pending spawn requests.
[2026-03-02 22:30:02 UTC] No pending spawn requests.
[2026-03-02 22:40:01 UTC] ACP session already running — skipping this cycle.
[2026-03-02 22:50:01 UTC] No pending spawn requests.
[2026-03-02 23:00:01 UTC] No pending spawn requests.
[2026-03-02 23:10:02 UTC] No pending spawn requests.
[2026-03-02 23:20:01 UTC] No pending spawn requests.
[2026-03-02 23:30:02 UTC] No pending spawn requests.
[2026-03-02 23:40:02 UTC] No pending spawn requests.
[2026-03-02 23:50:01 UTC] ACP session already running — skipping this cycle.
[2026-03-03 00:00:01 UTC] ACP session already running — skipping this cycle.
[2026-03-03 00:10:01 UTC] No pending spawn requests.
[2026-03-03 00:20:01 UTC] No pending spawn requests.
[2026-03-03 00:30:01 UTC] No pending spawn requests.
[2026-03-03 00:40:01 UTC] ACP session already running — skipping this cycle.
[2026-03-03 00:50:01 UTC] ACP session already running — skipping this cycle.
[2026-03-03 01:00:02 UTC] No pending spawn requests.
[2026-03-03 01:10:02 UTC] ACP session already running — skipping this cycle.
[2026-03-03 01:20:01 UTC] No pending spawn requests.
[2026-03-03 01:30:01 UTC] No pending spawn requests.
[2026-03-03 01:40:01 UTC] No pending spawn requests.
[2026-03-03 01:50:02 UTC] No pending spawn requests.
[2026-03-03 02:00:01 UTC] No pending spawn requests.
[2026-03-03 02:10:01 UTC] No pending spawn requests.
[2026-03-03 02:20:01 UTC] No pending spawn requests.
[2026-03-03 02:30:02 UTC] ACP session already running — skipping this cycle.
[2026-03-03 02:40:01 UTC] No pending spawn requests.
[2026-03-03 02:50:01 UTC] No pending spawn requests.
[2026-03-03 03:00:01 UTC] No pending spawn requests.
[2026-03-03 03:10:01 UTC] No pending spawn requests.
[2026-03-03 03:20:01 UTC] No pending spawn requests.
[2026-03-03 03:30:02 UTC] No pending spawn requests.
[2026-03-03 03:40:01 UTC] No pending spawn requests.
[2026-03-03 03:50:01 UTC] No pending spawn requests.
[2026-03-03 04:00:02 UTC] No pending spawn requests.
[2026-03-03 04:10:01 UTC] No pending spawn requests.
[2026-03-03 04:20:02 UTC] No pending spawn requests.
[2026-03-03 04:30:01 UTC] No pending spawn requests.
[2026-03-03 04:40:01 UTC] No pending spawn requests.
[2026-03-03 04:50:01 UTC] No pending spawn requests.
[2026-03-03 13:00:01 UTC] No pending spawn requests.
[2026-03-03 13:10:01 UTC] No pending spawn requests.
[2026-03-03 13:20:01 UTC] No pending spawn requests.
[2026-03-03 13:30:01 UTC] No pending spawn requests.
[2026-03-03 13:40:01 UTC] No pending spawn requests.
[2026-03-03 13:50:01 UTC] No pending spawn requests.
[2026-03-03 14:00:02 UTC] No pending spawn requests.
[2026-03-03 14:10:02 UTC] No pending spawn requests.
[2026-03-03 14:20:01 UTC] No pending spawn requests.
[2026-03-03 14:30:01 UTC] No pending spawn requests.
[2026-03-03 14:40:02 UTC] No pending spawn requests.
[2026-03-03 14:50:01 UTC] No pending spawn requests.
[2026-03-03 15:00:01 UTC] No pending spawn requests.
[2026-03-03 15:10:01 UTC] No pending spawn requests.
[2026-03-03 15:20:02 UTC] No pending spawn requests.
[2026-03-03 15:30:01 UTC] No pending spawn requests.
[2026-03-03 15:40:02 UTC] No pending spawn requests.
[2026-03-03 15:50:01 UTC] No pending spawn requests.
[2026-03-03 16:00:02 UTC] No pending spawn requests.
[2026-03-03 16:10:01 UTC] No pending spawn requests.
[2026-03-03 16:20:02 UTC] No pending spawn requests.
[2026-03-03 16:30:01 UTC] No pending spawn requests.
[2026-03-03 16:40:01 UTC] No pending spawn requests.
[2026-03-03 16:50:01 UTC] No pending spawn requests.
[2026-03-03 17:00:02 UTC] No pending spawn requests.
[2026-03-03 17:10:01 UTC] No pending spawn requests.
[2026-03-03 17:20:01 UTC] No pending spawn requests.
[2026-03-03 17:30:02 UTC] No pending spawn requests.
[2026-03-03 17:31:52 UTC] 3 task(s) in queue — processing FIRST only (serial execution)
[2026-03-03 17:31:52 UTC]   [pr-review-fix] PR #26: neo-pr26-cron-analytics-fix
[2026-03-03 17:31:55 UTC]   Spawning acpx exec for neo-pr26-cron-analytics-fix (sync, timeout 1200s)...
[2026-03-03 17:37:44 UTC]   ❌ Session failed for neo-pr26-cron-analytics-fix (exit 0) Running as unit: run-r0555108a17fd46798cce4618227a69e8.scope; invocation ID: baa4455a0466498088f961e6d4a0aad7
[2026-03-03 17:37:49 UTC]   🔄 Reset #25 label to plan-me for retry
[2026-03-03 17:37:49 UTC]   🔄 #25 attempt 1/3 — will retry on next pickup cycle
[2026-03-03 17:37:49 UTC] 2 task(s) remaining in queue for next cycle.
[2026-03-03 17:40:01 UTC] 2 task(s) in queue — processing FIRST only (serial execution)
[2026-03-03 17:40:01 UTC]   [mc-task] PR #684: neo-mc-684-content-board
[2026-03-03 17:40:03 UTC]   Spawning acpx exec for neo-mc-684-content-board (sync, timeout 1800s)...
[2026-03-03 17:50:02 UTC] ACP session already running — skipping this cycle.
[2026-03-03 17:54:07 UTC]   ❌ Session failed for neo-mc-684-content-board (exit 0) Running as unit: run-r8a6f9334e2a64226bf6c75b7491fb0ea.scope; invocation ID: 06c9af5e0c8b407ca7f2cc5c16b92a96
[2026-03-03 17:54:09 UTC] 1 task(s) remaining in queue for next cycle.
[2026-03-03 18:00:02 UTC] 1 task(s) in queue — processing FIRST only (serial execution)
[2026-03-03 18:00:02 UTC]   [mc-task] PR #672: neo-mc-672-captures-api
[2026-03-03 18:00:12 UTC]   Spawning acpx exec for neo-mc-672-captures-api (sync, timeout 1800s)...
[2026-03-03 18:07:36 UTC]   ❌ Session failed for neo-mc-672-captures-api (exit 0) Running as unit: run-r6d8e96c3508c4752abf0ae9f048f520a.scope; invocation ID: 345e072e17ae450d8ef7e239019fba2f
[2026-03-03 18:07:38 UTC] Queue empty.
[2026-03-03 18:10:01 UTC] No pending spawn requests.
[2026-03-03 18:20:02 UTC] ACP session already running — skipping this cycle.
[2026-03-03 18:30:02 UTC] ACP session already running — skipping this cycle.
[2026-03-03 18:40:01 UTC] ACP session already running — skipping this cycle.
[2026-03-03 18:50:01 UTC] No pending spawn requests.
[2026-03-03 19:00:01 UTC] No pending spawn requests.
[2026-03-03 19:10:01 UTC] No pending spawn requests.
[2026-03-03 19:20:01 UTC] No pending spawn requests.
[2026-03-03 19:30:01 UTC] No pending spawn requests.
[2026-03-03 19:40:01 UTC] No pending spawn requests.
[2026-03-03 19:50:01 UTC] No pending spawn requests.
[2026-03-03 20:00:01 UTC] No pending spawn requests.
[2026-03-03 20:10:01 UTC] ACP session already running — skipping this cycle.
[2026-03-03 20:20:01 UTC] ACP session already running — skipping this cycle.
[2026-03-03 20:30:02 UTC] No pending spawn requests.
[2026-03-03 20:40:01 UTC] No pending spawn requests.
[2026-03-03 20:50:02 UTC] No pending spawn requests.
[2026-03-03 21:00:01 UTC] No pending spawn requests.
[2026-03-03 21:10:01 UTC] No pending spawn requests.
[2026-03-03 21:20:02 UTC] No pending spawn requests.
[2026-03-03 21:30:01 UTC] No pending spawn requests.
[2026-03-03 21:40:01 UTC] No pending spawn requests.
[2026-03-03 21:50:01 UTC] No pending spawn requests.
[2026-03-03 22:00:02 UTC] No pending spawn requests.
[2026-03-03 22:10:01 UTC] No pending spawn requests.
[2026-03-03 22:20:02 UTC] No pending spawn requests.
[2026-03-03 22:30:01 UTC] No pending spawn requests.
[2026-03-03 22:40:01 UTC] No pending spawn requests.
[2026-03-03 22:50:01 UTC] No pending spawn requests.
[2026-03-03 23:00:01 UTC] No pending spawn requests.
[2026-03-03 23:10:01 UTC] No pending spawn requests.
[2026-03-03 23:20:01 UTC] No pending spawn requests.
[2026-03-03 23:30:01 UTC] No pending spawn requests.
[2026-03-03 23:40:01 UTC] No pending spawn requests.
[2026-03-03 23:50:01 UTC] No pending spawn requests.
[2026-03-04 00:00:02 UTC] No pending spawn requests.
[2026-03-04 00:10:01 UTC] No pending spawn requests.
[2026-03-04 00:20:01 UTC] No pending spawn requests.
[2026-03-04 00:30:01 UTC] No pending spawn requests.
[2026-03-04 00:40:02 UTC] No pending spawn requests.
[2026-03-04 00:50:02 UTC] No pending spawn requests.
[2026-03-04 01:00:01 UTC] No pending spawn requests.
[2026-03-04 01:10:01 UTC] No pending spawn requests.
[2026-03-04 01:20:01 UTC] No pending spawn requests.
[2026-03-04 01:30:01 UTC] No pending spawn requests.
[2026-03-04 01:40:01 UTC] No pending spawn requests.
[2026-03-04 01:50:01 UTC] No pending spawn requests.
[2026-03-04 02:00:01 UTC] No pending spawn requests.
[2026-03-04 02:10:01 UTC] No pending spawn requests.
[2026-03-04 02:20:02 UTC] No pending spawn requests.
[2026-03-04 02:30:01 UTC] No pending spawn requests.
[2026-03-04 02:40:02 UTC] No pending spawn requests.
[2026-03-04 02:50:01 UTC] No pending spawn requests.
[2026-03-04 03:00:02 UTC] No pending spawn requests.
[2026-03-04 03:10:01 UTC] No pending spawn requests.
[2026-03-04 03:20:01 UTC] No pending spawn requests.
[2026-03-04 03:30:01 UTC] No pending spawn requests.
[2026-03-04 03:40:01 UTC] No pending spawn requests.
[2026-03-04 03:50:01 UTC] No pending spawn requests.
[2026-03-04 04:00:01 UTC] No pending spawn requests.
[2026-03-04 04:10:01 UTC] No pending spawn requests.
[2026-03-04 04:20:02 UTC] No pending spawn requests.
[2026-03-04 04:30:01 UTC] No pending spawn requests.
[2026-03-04 04:40:01 UTC] No pending spawn requests.
[2026-03-04 04:50:01 UTC] No pending spawn requests.
