[2026-02-28 00:40:02 UTC] === Neo CI Fix ===
[2026-02-28 00:40:02 UTC] No open PRs
[2026-02-28 00:50:01 UTC] === Neo CI Fix ===
[2026-02-28 00:50:02 UTC] No open PRs
[2026-02-28 01:00:01 UTC] === Neo CI Fix ===
[2026-02-28 01:00:02 UTC] No open PRs
[2026-02-28 01:10:01 UTC] === Neo CI Fix ===
[2026-02-28 01:10:01 UTC] No open PRs
[2026-02-28 01:20:01 UTC] === Neo CI Fix ===
[2026-02-28 01:20:01 UTC] No open PRs
[2026-02-28 01:30:01 UTC] === Neo CI Fix ===
[2026-02-28 01:30:02 UTC] No open PRs
[2026-02-28 01:40:01 UTC] === Neo CI Fix ===
[2026-02-28 01:40:02 UTC] No open PRs
[2026-02-28 01:50:01 UTC] === Neo CI Fix ===
[2026-02-28 01:50:01 UTC] Checking CI on 1 open PRs
[2026-02-28 01:50:01 UTC] gh error: gh: Resource not accessible by personal access token (HTTP 403)
[2026-02-28 01:50:01 UTC]   PR #2194: no check runs yet
[2026-02-28 01:50:01 UTC] Done. Spawned: 0
[2026-02-28 02:00:02 UTC] === Neo CI Fix ===
[2026-02-28 02:00:02 UTC] Checking CI on 1 open PRs
[2026-02-28 02:00:03 UTC] gh error: gh: Resource not accessible by personal access token (HTTP 403)
[2026-02-28 02:00:03 UTC]   PR #2194: no check runs yet
[2026-02-28 02:00:03 UTC] Done. Spawned: 0
[2026-02-28 02:10:01 UTC] === Neo CI Fix ===
[2026-02-28 02:10:02 UTC] Checking CI on 1 open PRs
[2026-02-28 02:10:02 UTC] gh error: gh: Resource not accessible by personal access token (HTTP 403)
[2026-02-28 02:10:02 UTC]   PR #2194: no check runs yet
[2026-02-28 02:10:02 UTC] Done. Spawned: 0
[2026-02-28 02:20:01 UTC] === Neo CI Fix ===
[2026-02-28 02:20:01 UTC] Checking CI on 1 open PRs
[2026-02-28 02:20:01 UTC] gh error: gh: Resource not accessible by personal access token (HTTP 403)
[2026-02-28 02:20:01 UTC]   PR #2194: no check runs yet
[2026-02-28 02:20:01 UTC] Done. Spawned: 0
[2026-02-28 02:30:01 UTC] === Neo CI Fix ===
[2026-02-28 02:30:01 UTC] Checking CI on 1 open PRs
[2026-02-28 02:30:01 UTC] gh error: gh: Resource not accessible by personal access token (HTTP 403)
[2026-02-28 02:30:01 UTC]   PR #2194: no check runs yet
[2026-02-28 02:30:01 UTC] Done. Spawned: 0
[2026-02-28 02:40:01 UTC] === Neo CI Fix ===
[2026-02-28 02:40:01 UTC] Checking CI on 2 open PRs
[2026-02-28 02:40:02 UTC] gh error: gh: Resource not accessible by personal access token (HTTP 403)
[2026-02-28 02:40:02 UTC]   PR #2195: no check runs yet
[2026-02-28 02:40:02 UTC] gh error: gh: Resource not accessible by personal access token (HTTP 403)
[2026-02-28 02:40:02 UTC]   PR #2194: no check runs yet
[2026-02-28 02:40:02 UTC] Done. Spawned: 0
[2026-02-28 02:50:01 UTC] === Neo CI Fix ===
[2026-02-28 02:50:02 UTC] Checking CI on 2 open PRs
[2026-02-28 02:50:02 UTC] gh error: gh: Resource not accessible by personal access token (HTTP 403)
[2026-02-28 02:50:02 UTC]   PR #2195: no check runs yet
[2026-02-28 02:50:02 UTC] gh error: gh: Resource not accessible by personal access token (HTTP 403)
[2026-02-28 02:50:02 UTC]   PR #2194: no check runs yet
[2026-02-28 02:50:02 UTC] Done. Spawned: 0
[2026-02-28 03:00:01 UTC] === Neo CI Fix ===
[2026-02-28 03:00:02 UTC] Checking CI on 3 open PRs
[2026-02-28 03:00:02 UTC] gh error: gh: Resource not accessible by personal access token (HTTP 403)
[2026-02-28 03:00:02 UTC]   PR #2196: no check runs yet
[2026-02-28 03:00:03 UTC] gh error: gh: Resource not accessible by personal access token (HTTP 403)
[2026-02-28 03:00:03 UTC]   PR #2195: no check runs yet
[2026-02-28 03:00:03 UTC] gh error: gh: Resource not accessible by personal access token (HTTP 403)
[2026-02-28 03:00:03 UTC]   PR #2194: no check runs yet
[2026-02-28 03:00:03 UTC] Done. Spawned: 0
[2026-02-28 03:10:02 UTC] === Neo CI Fix ===
[2026-02-28 03:10:02 UTC] Checking CI on 3 open PRs
[2026-02-28 03:10:02 UTC] gh error: gh: Resource not accessible by personal access token (HTTP 403)
[2026-02-28 03:10:02 UTC]   PR #2196: no check runs yet
[2026-02-28 03:10:02 UTC] gh error: gh: Resource not accessible by personal access token (HTTP 403)
[2026-02-28 03:10:02 UTC]   PR #2195: no check runs yet
[2026-02-28 03:10:03 UTC] gh error: gh: Resource not accessible by personal access token (HTTP 403)
[2026-02-28 03:10:03 UTC]   PR #2194: no check runs yet
[2026-02-28 03:10:03 UTC] Done. Spawned: 0
[2026-02-28 03:20:01 UTC] === Neo CI Fix ===
[2026-02-28 03:20:01 UTC] Checking CI on 3 open PRs
[2026-02-28 03:20:02 UTC] gh error: gh: Resource not accessible by personal access token (HTTP 403)
[2026-02-28 03:20:02 UTC]   PR #2196: no check runs yet
[2026-02-28 03:20:02 UTC] gh error: gh: Resource not accessible by personal access token (HTTP 403)
[2026-02-28 03:20:02 UTC]   PR #2195: no check runs yet
[2026-02-28 03:20:02 UTC] gh error: gh: Resource not accessible by personal access token (HTTP 403)
[2026-02-28 03:20:02 UTC]   PR #2194: no check runs yet
[2026-02-28 03:20:02 UTC] Done. Spawned: 0
[2026-02-28 03:30:01 UTC] === Neo CI Fix ===
[2026-02-28 03:30:02 UTC] Checking CI on 3 open PRs
[2026-02-28 03:30:02 UTC] gh error: gh: Resource not accessible by personal access token (HTTP 403)
[2026-02-28 03:30:02 UTC]   PR #2196: no check runs yet
[2026-02-28 03:30:02 UTC] gh error: gh: Resource not accessible by personal access token (HTTP 403)
[2026-02-28 03:30:02 UTC]   PR #2195: no check runs yet
[2026-02-28 03:30:03 UTC] gh error: gh: Resource not accessible by personal access token (HTTP 403)
[2026-02-28 03:30:03 UTC]   PR #2194: no check runs yet
[2026-02-28 03:30:03 UTC] Done. Spawned: 0
[2026-02-28 03:40:01 UTC] === Neo CI Fix ===
[2026-02-28 03:40:01 UTC] Checking CI on 3 open PRs
[2026-02-28 03:40:02 UTC] gh error: gh: Resource not accessible by personal access token (HTTP 403)
[2026-02-28 03:40:02 UTC]   PR #2196: no check runs yet
[2026-02-28 03:40:02 UTC] gh error: gh: Resource not accessible by personal access token (HTTP 403)
[2026-02-28 03:40:02 UTC]   PR #2195: no check runs yet
[2026-02-28 03:40:02 UTC] gh error: gh: Resource not accessible by personal access token (HTTP 403)
[2026-02-28 03:40:02 UTC]   PR #2194: no check runs yet
[2026-02-28 03:40:02 UTC] Done. Spawned: 0
[2026-02-28 03:50:01 UTC] === Neo CI Fix ===
[2026-02-28 03:50:02 UTC] Checking CI on 3 open PRs
[2026-02-28 03:50:02 UTC] gh error: gh: Resource not accessible by personal access token (HTTP 403)
[2026-02-28 03:50:02 UTC]   PR #2196: no check runs yet
[2026-02-28 03:50:02 UTC] gh error: gh: Resource not accessible by personal access token (HTTP 403)
[2026-02-28 03:50:02 UTC]   PR #2195: no check runs yet
[2026-02-28 03:50:02 UTC] gh error: gh: Resource not accessible by personal access token (HTTP 403)
[2026-02-28 03:50:02 UTC]   PR #2194: no check runs yet
[2026-02-28 03:50:02 UTC] Done. Spawned: 0
[2026-02-28 04:00:01 UTC] === Neo CI Fix ===
[2026-02-28 04:00:01 UTC] Checking CI on 3 open PRs
[2026-02-28 04:00:02 UTC] gh error: gh: Resource not accessible by personal access token (HTTP 403)
[2026-02-28 04:00:02 UTC]   PR #2196: no check runs yet
[2026-02-28 04:00:02 UTC] gh error: gh: Resource not accessible by personal access token (HTTP 403)
[2026-02-28 04:00:02 UTC]   PR #2195: no check runs yet
[2026-02-28 04:00:02 UTC] gh error: gh: Resource not accessible by personal access token (HTTP 403)
[2026-02-28 04:00:02 UTC]   PR #2194: no check runs yet
[2026-02-28 04:00:02 UTC] Done. Spawned: 0
[2026-02-28 04:10:01 UTC] === Neo CI Fix ===
[2026-02-28 04:10:02 UTC] Checking CI on 3 open PRs
[2026-02-28 04:10:02 UTC] gh error: gh: Resource not accessible by personal access token (HTTP 403)
[2026-02-28 04:10:02 UTC]   PR #2196: no check runs yet
[2026-02-28 04:10:02 UTC] gh error: gh: Resource not accessible by personal access token (HTTP 403)
[2026-02-28 04:10:02 UTC]   PR #2195: no check runs yet
[2026-02-28 04:10:03 UTC] gh error: gh: Resource not accessible by personal access token (HTTP 403)
[2026-02-28 04:10:03 UTC]   PR #2194: no check runs yet
[2026-02-28 04:10:03 UTC] Done. Spawned: 0
[2026-02-28 04:20:01 UTC] === Neo CI Fix ===
[2026-02-28 04:20:01 UTC] Checking CI on 3 open PRs
[2026-02-28 04:20:01 UTC] gh error: gh: Resource not accessible by personal access token (HTTP 403)
[2026-02-28 04:20:01 UTC]   PR #2196: no check runs yet
[2026-02-28 04:20:02 UTC] gh error: gh: Resource not accessible by personal access token (HTTP 403)
[2026-02-28 04:20:02 UTC]   PR #2195: no check runs yet
[2026-02-28 04:20:02 UTC] gh error: gh: Resource not accessible by personal access token (HTTP 403)
[2026-02-28 04:20:02 UTC]   PR #2194: no check runs yet
[2026-02-28 04:20:02 UTC] Done. Spawned: 0
[2026-02-28 04:30:01 UTC] === Neo CI Fix ===
[2026-02-28 04:30:02 UTC] Checking CI on 3 open PRs
[2026-02-28 04:30:02 UTC] gh error: gh: Resource not accessible by personal access token (HTTP 403)
[2026-02-28 04:30:02 UTC]   PR #2196: no check runs yet
[2026-02-28 04:30:02 UTC] gh error: gh: Resource not accessible by personal access token (HTTP 403)
[2026-02-28 04:30:02 UTC]   PR #2195: no check runs yet
[2026-02-28 04:30:03 UTC] gh error: gh: Resource not accessible by personal access token (HTTP 403)
[2026-02-28 04:30:03 UTC]   PR #2194: no check runs yet
[2026-02-28 04:30:03 UTC] Done. Spawned: 0
[2026-02-28 04:40:01 UTC] === Neo CI Fix ===
[2026-02-28 04:40:02 UTC] Checking CI on 3 open PRs
[2026-02-28 04:40:02 UTC] gh error: gh: Resource not accessible by personal access token (HTTP 403)
[2026-02-28 04:40:02 UTC]   PR #2196: no check runs yet
[2026-02-28 04:40:03 UTC] gh error: gh: Resource not accessible by personal access token (HTTP 403)
[2026-02-28 04:40:03 UTC]   PR #2195: no check runs yet
[2026-02-28 04:40:03 UTC] gh error: gh: Resource not accessible by personal access token (HTTP 403)
[2026-02-28 04:40:03 UTC]   PR #2194: no check runs yet
[2026-02-28 04:40:03 UTC] Done. Spawned: 0
[2026-02-28 04:50:01 UTC] === Neo CI Fix ===
[2026-02-28 04:50:02 UTC] Checking CI on 3 open PRs
[2026-02-28 04:50:02 UTC] gh error: gh: Resource not accessible by personal access token (HTTP 403)
[2026-02-28 04:50:02 UTC]   PR #2196: no check runs yet
[2026-02-28 04:50:02 UTC] gh error: gh: Resource not accessible by personal access token (HTTP 403)
[2026-02-28 04:50:02 UTC]   PR #2195: no check runs yet
[2026-02-28 04:50:02 UTC] gh error: gh: Resource not accessible by personal access token (HTTP 403)
[2026-02-28 04:50:02 UTC]   PR #2194: no check runs yet
[2026-02-28 04:50:02 UTC] Done. Spawned: 0
