[2026-02-28 00:45:01 UTC] === Neo Review Responder ===
[2026-02-28 00:45:01 UTC] No open PRs
[2026-02-28 01:00:01 UTC] === Neo Review Responder ===
[2026-02-28 01:00:01 UTC] No open PRs
[2026-02-28 01:15:01 UTC] === Neo Review Responder ===
[2026-02-28 01:15:02 UTC] No open PRs
[2026-02-28 01:30:01 UTC] === Neo Review Responder ===
[2026-02-28 01:30:02 UTC] No open PRs
[2026-02-28 01:45:01 UTC] === Neo Review Responder ===
[2026-02-28 01:45:02 UTC] No open PRs
[2026-02-28 02:00:02 UTC] === Neo Review Responder ===
[2026-02-28 02:00:02 UTC] Checking 1 open PRs
[2026-02-28 02:00:03 UTC]   PR #2194: no new comments
[2026-02-28 02:00:03 UTC] Done. Spawned: 0
[2026-02-28 02:15:01 UTC] === Neo Review Responder ===
[2026-02-28 02:15:02 UTC] Checking 1 open PRs
[2026-02-28 02:15:03 UTC]   PR #2194: no new comments
[2026-02-28 02:15:03 UTC] Done. Spawned: 0
[2026-02-28 02:30:01 UTC] === Neo Review Responder ===
[2026-02-28 02:30:01 UTC] Checking 1 open PRs
[2026-02-28 02:30:02 UTC]   PR #2194: no new comments
[2026-02-28 02:30:02 UTC] Done. Spawned: 0
[2026-02-28 02:45:01 UTC] === Neo Review Responder ===
[2026-02-28 02:45:01 UTC] Checking 2 open PRs
[2026-02-28 02:45:01 UTC]   PR #2195: no new comments
[2026-02-28 02:45:02 UTC]   PR #2194: no new comments
[2026-02-28 02:45:02 UTC] Done. Spawned: 0
[2026-02-28 03:00:01 UTC] === Neo Review Responder ===
[2026-02-28 03:00:02 UTC] Checking 3 open PRs
[2026-02-28 03:00:03 UTC]   PR #2196: no new comments
[2026-02-28 03:00:03 UTC]   PR #2195: no new comments
[2026-02-28 03:00:04 UTC]   PR #2194: no new comments
[2026-02-28 03:00:04 UTC] Done. Spawned: 0
[2026-02-28 03:15:01 UTC] === Neo Review Responder ===
[2026-02-28 03:15:01 UTC] Checking 3 open PRs
[2026-02-28 03:15:02 UTC]   PR #2196: no new comments
[2026-02-28 03:15:02 UTC]   PR #2195: no new comments
[2026-02-28 03:15:03 UTC]   PR #2194: no new comments
[2026-02-28 03:15:03 UTC] Done. Spawned: 0
[2026-02-28 03:30:01 UTC] === Neo Review Responder ===
[2026-02-28 03:30:02 UTC] Checking 3 open PRs
[2026-02-28 03:30:03 UTC]   PR #2196: no new comments
[2026-02-28 03:30:03 UTC]   PR #2195: no new comments
[2026-02-28 03:30:04 UTC]   PR #2194: no new comments
[2026-02-28 03:30:04 UTC] Done. Spawned: 0
[2026-02-28 03:45:01 UTC] === Neo Review Responder ===
[2026-02-28 03:45:01 UTC] Checking 3 open PRs
[2026-02-28 03:45:02 UTC]   PR #2196: no new comments
[2026-02-28 03:45:02 UTC]   PR #2195: no new comments
[2026-02-28 03:45:03 UTC]   PR #2194: no new comments
[2026-02-28 03:45:03 UTC] Done. Spawned: 0
[2026-02-28 04:00:01 UTC] === Neo Review Responder ===
[2026-02-28 04:00:01 UTC] Checking 3 open PRs
[2026-02-28 04:00:02 UTC]   PR #2196: no new comments
[2026-02-28 04:00:02 UTC]   PR #2195: no new comments
[2026-02-28 04:00:03 UTC]   PR #2194: no new comments
[2026-02-28 04:00:03 UTC] Done. Spawned: 0
[2026-02-28 04:15:01 UTC] === Neo Review Responder ===
[2026-02-28 04:15:01 UTC] Checking 3 open PRs
[2026-02-28 04:15:02 UTC]   PR #2196: no new comments
[2026-02-28 04:15:02 UTC]   PR #2195: no new comments
[2026-02-28 04:15:03 UTC]   PR #2194: no new comments
[2026-02-28 04:15:03 UTC] Done. Spawned: 0
[2026-02-28 04:30:01 UTC] === Neo Review Responder ===
[2026-02-28 04:30:02 UTC] Checking 3 open PRs
[2026-02-28 04:30:03 UTC]   PR #2196: no new comments
[2026-02-28 04:30:03 UTC]   PR #2195: no new comments
[2026-02-28 04:30:04 UTC]   PR #2194: no new comments
[2026-02-28 04:30:04 UTC] Done. Spawned: 0
[2026-02-28 04:45:01 UTC] === Neo Review Responder ===
[2026-02-28 04:45:01 UTC] Checking 3 open PRs
[2026-02-28 04:45:02 UTC]   PR #2196: no new comments
[2026-02-28 04:45:02 UTC]   PR #2195: no new comments
[2026-02-28 04:45:03 UTC]   PR #2194: no new comments
[2026-02-28 04:45:03 UTC] Done. Spawned: 0
