[2026-02-28 01:00:01 UTC] === Neo Issue Pickup ===
[2026-02-28 01:00:02 UTC] No plan-me issues found
[2026-02-28 01:30:01 UTC] === Neo Issue Pickup ===
[2026-02-28 01:30:02 UTC] No plan-me issues found
[2026-02-28 02:00:02 UTC] === Neo Issue Pickup ===
[2026-02-28 02:00:02 UTC] No plan-me issues found
[2026-02-28 02:30:01 UTC] === Neo Issue Pickup ===
[2026-02-28 02:30:01 UTC] No plan-me issues found
[2026-02-28 03:00:01 UTC] === Neo Issue Pickup ===
[2026-02-28 03:00:02 UTC] No plan-me issues found
[2026-02-28 03:30:01 UTC] === Neo Issue Pickup ===
[2026-02-28 03:30:02 UTC] Found 4 plan-me issues
[2026-02-28 03:30:02 UTC]   #2200 no CodeRabbit plan yet, skipping
[2026-02-28 03:30:03 UTC]   #2199 no CodeRabbit plan yet, skipping
[2026-02-28 03:30:04 UTC]   #2198 no CodeRabbit plan yet, skipping
[2026-02-28 03:30:04 UTC]   #2197 no CodeRabbit plan yet, skipping
[2026-02-28 03:30:04 UTC] Done. Spawned: 0
[2026-02-28 04:00:01 UTC] === Neo Issue Pickup ===
[2026-02-28 04:00:01 UTC] Found 4 plan-me issues
[2026-02-28 04:00:03 UTC] Queued spawn: neo-issue-2200 (PR #2200)
[2026-02-28 04:00:03 UTC] Wake exception: [Errno 2] No such file or directory: 'openclaw'
[2026-02-28 04:00:03 UTC]   #2200 queued for Neo: feat(app): Add Library section to left navigation (Templates + Profiles)
[2026-02-28 04:00:05 UTC] Queued spawn: neo-issue-2199 (PR #2199)
[2026-02-28 04:00:05 UTC] Wake exception: [Errno 2] No such file or directory: 'openclaw'
[2026-02-28 04:00:05 UTC]   #2199 queued for Neo: feat(storyboard): Add template selection UI to Generate step
[2026-02-28 04:00:06 UTC] Queued spawn: neo-issue-2198 (PR #2198)
[2026-02-28 04:00:06 UTC] Wake exception: [Errno 2] No such file or directory: 'openclaw'
[2026-02-28 04:00:06 UTC]   #2198 queued for Neo: feat(export): Define 5 curated presentation templates
[2026-02-28 04:00:08 UTC] Queued spawn: neo-issue-2197 (PR #2197)
[2026-02-28 04:00:08 UTC] Wake exception: [Errno 2] No such file or directory: 'openclaw'
[2026-02-28 04:00:08 UTC]   #2197 queued for Neo: feat(export): Refactor PPTX generator to accept TemplateConfig
[2026-02-28 04:00:08 UTC] Done. Spawned: 4
[2026-02-28 04:30:01 UTC] === Neo Issue Pickup ===
[2026-02-28 04:30:02 UTC] Found 4 plan-me issues
[2026-02-28 04:30:02 UTC]   #2200 already processed, skipping
[2026-02-28 04:30:02 UTC]   #2199 already processed, skipping
[2026-02-28 04:30:02 UTC]   #2198 already processed, skipping
[2026-02-28 04:30:02 UTC]   #2197 already processed, skipping
[2026-02-28 04:30:02 UTC] Done. Spawned: 0
[2026-02-28 13:00:01 UTC] === Neo Issue Pickup ===
[2026-02-28 13:00:01 UTC] Found 4 plan-me issues
[2026-02-28 13:00:01 UTC]   #2200 already processed, skipping
[2026-02-28 13:00:01 UTC]   #2199 already processed, skipping
[2026-02-28 13:00:01 UTC]   #2198 already processed, skipping
[2026-02-28 13:00:01 UTC]   #2197 already processed, skipping
[2026-02-28 13:00:01 UTC] Done. Spawned: 0
[2026-02-28 13:30:01 UTC] === Neo Issue Pickup ===
[2026-02-28 13:30:02 UTC] Found 4 plan-me issues
[2026-02-28 13:30:02 UTC]   #2200 already processed, skipping
[2026-02-28 13:30:02 UTC]   #2199 already processed, skipping
[2026-02-28 13:30:02 UTC]   #2198 already processed, skipping
[2026-02-28 13:30:02 UTC]   #2197 already processed, skipping
[2026-02-28 13:30:02 UTC] Done. Spawned: 0
[2026-02-28 14:00:02 UTC] === Neo Issue Pickup ===
[2026-02-28 14:00:02 UTC] Found 4 plan-me issues
[2026-02-28 14:00:02 UTC]   #2200 already processed, skipping
[2026-02-28 14:00:02 UTC]   #2199 already processed, skipping
[2026-02-28 14:00:02 UTC]   #2198 already processed, skipping
[2026-02-28 14:00:02 UTC]   #2197 already processed, skipping
[2026-02-28 14:00:02 UTC] Done. Spawned: 0
[2026-02-28 14:30:01 UTC] === Neo Issue Pickup ===
[2026-02-28 14:30:02 UTC] Found 4 plan-me issues
[2026-02-28 14:30:02 UTC]   #2200 already processed, skipping
[2026-02-28 14:30:02 UTC]   #2199 already processed, skipping
[2026-02-28 14:30:02 UTC]   #2198 already processed, skipping
[2026-02-28 14:30:02 UTC]   #2197 already processed, skipping
[2026-02-28 14:30:02 UTC] Done. Spawned: 0
[2026-02-28 15:00:01 UTC] === Neo Issue Pickup ===
[2026-02-28 15:00:02 UTC] Found 4 plan-me issues
[2026-02-28 15:00:02 UTC]   #2200 already processed, skipping
[2026-02-28 15:00:02 UTC]   #2199 already processed, skipping
[2026-02-28 15:00:02 UTC]   #2198 already processed, skipping
[2026-02-28 15:00:02 UTC]   #2197 already processed, skipping
[2026-02-28 15:00:02 UTC] Done. Spawned: 0
[2026-02-28 15:30:01 UTC] === Neo Issue Pickup ===
[2026-02-28 15:30:02 UTC] Found 4 plan-me issues
[2026-02-28 15:30:02 UTC]   #2200 already processed, skipping
[2026-02-28 15:30:02 UTC]   #2199 already processed, skipping
[2026-02-28 15:30:02 UTC]   #2198 already processed, skipping
[2026-02-28 15:30:02 UTC]   #2197 already processed, skipping
[2026-02-28 15:30:02 UTC] Done. Spawned: 0
[2026-02-28 16:00:02 UTC] === Neo Issue Pickup ===
[2026-02-28 16:00:03 UTC] Found 4 plan-me issues
[2026-02-28 16:00:03 UTC]   #2200 already processed, skipping
[2026-02-28 16:00:03 UTC]   #2199 already processed, skipping
[2026-02-28 16:00:03 UTC]   #2198 already processed, skipping
[2026-02-28 16:00:03 UTC]   #2197 already processed, skipping
[2026-02-28 16:00:03 UTC] Done. Spawned: 0
[2026-02-28 16:30:01 UTC] === Neo Issue Pickup ===
[2026-02-28 16:30:02 UTC] Found 4 plan-me issues
[2026-02-28 16:30:02 UTC]   #2200 already processed, skipping
[2026-02-28 16:30:02 UTC]   #2199 already processed, skipping
[2026-02-28 16:30:02 UTC]   #2198 already processed, skipping
[2026-02-28 16:30:02 UTC]   #2197 already processed, skipping
[2026-02-28 16:30:02 UTC] Done. Spawned: 0
[2026-02-28 17:00:02 UTC] === Neo Issue Pickup ===
[2026-02-28 17:00:03 UTC] Found 4 plan-me issues
[2026-02-28 17:00:03 UTC]   #2200 already processed, skipping
[2026-02-28 17:00:03 UTC]   #2199 already processed, skipping
[2026-02-28 17:00:03 UTC]   #2198 already processed, skipping
[2026-02-28 17:00:03 UTC]   #2197 already processed, skipping
[2026-02-28 17:00:03 UTC] Done. Spawned: 0
[2026-02-28 17:30:01 UTC] === Neo Issue Pickup ===
[2026-02-28 17:30:02 UTC] Found 4 plan-me issues
[2026-02-28 17:30:02 UTC]   #2200 already processed, skipping
[2026-02-28 17:30:02 UTC]   #2199 already processed, skipping
[2026-02-28 17:30:02 UTC]   #2198 already processed, skipping
[2026-02-28 17:30:02 UTC]   #2197 already processed, skipping
[2026-02-28 17:30:02 UTC] Done. Spawned: 0
[2026-02-28 18:00:01 UTC] === Neo Issue Pickup ===
[2026-02-28 18:00:01 UTC] Found 4 plan-me issues
[2026-02-28 18:00:01 UTC]   #2200 already processed, skipping
[2026-02-28 18:00:01 UTC]   #2199 already processed, skipping
[2026-02-28 18:00:01 UTC]   #2198 already processed, skipping
[2026-02-28 18:00:01 UTC]   #2197 already processed, skipping
[2026-02-28 18:00:01 UTC] Done. Spawned: 0
[2026-02-28 18:30:01 UTC] === Neo Issue Pickup ===
[2026-02-28 18:30:02 UTC] Found 4 plan-me issues
[2026-02-28 18:30:02 UTC]   #2200 already processed, skipping
[2026-02-28 18:30:02 UTC]   #2199 already processed, skipping
[2026-02-28 18:30:02 UTC]   #2198 already processed, skipping
[2026-02-28 18:30:02 UTC]   #2197 already processed, skipping
[2026-02-28 18:30:02 UTC] Done. Spawned: 0
[2026-02-28 19:00:01 UTC] === Neo Issue Pickup ===
[2026-02-28 19:00:01 UTC] Found 4 plan-me issues
[2026-02-28 19:00:01 UTC]   #2200 already processed, skipping
[2026-02-28 19:00:01 UTC]   #2199 already processed, skipping
[2026-02-28 19:00:01 UTC]   #2198 already processed, skipping
[2026-02-28 19:00:01 UTC]   #2197 already processed, skipping
[2026-02-28 19:00:01 UTC] Done. Spawned: 0
[2026-02-28 19:30:01 UTC] === Neo Issue Pickup ===
[2026-02-28 19:30:02 UTC] Found 4 plan-me issues
[2026-02-28 19:30:02 UTC]   #2200 already processed, skipping
[2026-02-28 19:30:02 UTC]   #2199 already processed, skipping
[2026-02-28 19:30:02 UTC]   #2198 already processed, skipping
[2026-02-28 19:30:02 UTC]   #2197 already processed, skipping
[2026-02-28 19:30:02 UTC] Done. Spawned: 0
[2026-02-28 20:00:01 UTC] === Neo Issue Pickup ===
[2026-02-28 20:00:01 UTC] Found 4 plan-me issues
[2026-02-28 20:00:01 UTC]   #2200 already processed, skipping
[2026-02-28 20:00:01 UTC]   #2199 already processed, skipping
[2026-02-28 20:00:01 UTC]   #2198 already processed, skipping
[2026-02-28 20:00:01 UTC]   #2197 already processed, skipping
[2026-02-28 20:00:01 UTC] Done. Spawned: 0
[2026-02-28 20:30:01 UTC] === Neo Issue Pickup ===
[2026-02-28 20:30:01 UTC] Found 4 plan-me issues
[2026-02-28 20:30:01 UTC]   #2200 already processed, skipping
[2026-02-28 20:30:01 UTC]   #2199 already processed, skipping
[2026-02-28 20:30:01 UTC]   #2198 already processed, skipping
[2026-02-28 20:30:01 UTC]   #2197 already processed, skipping
[2026-02-28 20:30:01 UTC] Done. Spawned: 0
[2026-02-28 21:00:01 UTC] === Neo Issue Pickup ===
[2026-02-28 21:00:02 UTC] Found 4 plan-me issues
[2026-02-28 21:00:02 UTC]   #2200 already processed, skipping
[2026-02-28 21:00:02 UTC]   #2199 already processed, skipping
[2026-02-28 21:00:02 UTC]   #2198 already processed, skipping
[2026-02-28 21:00:02 UTC]   #2197 already processed, skipping
[2026-02-28 21:00:02 UTC] Done. Spawned: 0
[2026-02-28 21:30:01 UTC] === Neo Issue Pickup ===
[2026-02-28 21:30:02 UTC] Found 4 plan-me issues
[2026-02-28 21:30:02 UTC]   #2200 already processed, skipping
[2026-02-28 21:30:02 UTC]   #2199 already processed, skipping
[2026-02-28 21:30:02 UTC]   #2198 already processed, skipping
[2026-02-28 21:30:02 UTC]   #2197 already processed, skipping
[2026-02-28 21:30:02 UTC] Done. Spawned: 0
[2026-02-28 22:18:26 UTC] === Neo Issue Pickup ===
[2026-02-28 22:18:57 UTC] gh exception: Command '['gh', 'issue', 'list', '--repo', 'slideheroes/2025slideheroes', '--label', 'plan-me', '--state', 'open', '--json', 'number,title,body,labels', '--limit', '20']' timed out after 30 seconds
[2026-02-28 22:19:00 UTC] No plan-me issues found
[2026-02-28 22:30:34 UTC] === Neo Issue Pickup ===
[2026-02-28 22:31:06 UTC] gh exception: Command '['gh', 'issue', 'list', '--repo', 'slideheroes/2025slideheroes', '--label', 'plan-me', '--state', 'open', '--json', 'number,title,body,labels', '--limit', '20']' timed out after 30 seconds
[2026-02-28 22:31:06 UTC] No plan-me issues found
[2026-02-28 23:00:01 UTC] === Neo Issue Pickup ===
[2026-02-28 23:00:02 UTC] Found 4 plan-me issues
[2026-02-28 23:00:02 UTC]   #2200 already processed, skipping
[2026-02-28 23:00:02 UTC]   #2199 already processed, skipping
[2026-02-28 23:00:02 UTC]   #2198 already processed, skipping
[2026-02-28 23:00:02 UTC]   #2197 already processed, skipping
[2026-02-28 23:00:02 UTC] Done. Spawned: 0
[2026-02-28 23:30:01 UTC] === Neo Issue Pickup ===
[2026-02-28 23:30:01 UTC] Found 4 plan-me issues
[2026-02-28 23:30:01 UTC]   #2200 already processed, skipping
[2026-02-28 23:30:01 UTC]   #2199 already processed, skipping
[2026-02-28 23:30:01 UTC]   #2198 already processed, skipping
[2026-02-28 23:30:01 UTC]   #2197 already processed, skipping
[2026-02-28 23:30:01 UTC] Done. Spawned: 0
[2026-03-01 00:00:01 UTC] === Neo Issue Pickup ===
[2026-03-01 00:00:01 UTC] Found 4 plan-me issues
[2026-03-01 00:00:01 UTC]   #2200 already processed, skipping
[2026-03-01 00:00:01 UTC]   #2199 already processed, skipping
[2026-03-01 00:00:01 UTC]   #2198 already processed, skipping
[2026-03-01 00:00:01 UTC]   #2197 already processed, skipping
[2026-03-01 00:00:01 UTC] Done. Spawned: 0
[2026-03-01 00:30:01 UTC] === Neo Issue Pickup ===
[2026-03-01 00:30:02 UTC] Found 4 plan-me issues
[2026-03-01 00:30:02 UTC]   #2200 already processed, skipping
[2026-03-01 00:30:02 UTC]   #2199 already processed, skipping
[2026-03-01 00:30:02 UTC]   #2198 already processed, skipping
[2026-03-01 00:30:02 UTC]   #2197 already processed, skipping
[2026-03-01 00:30:02 UTC] Done. Spawned: 0
[2026-03-01 01:00:01 UTC] === Neo Issue Pickup ===
[2026-03-01 01:00:02 UTC] Found 4 plan-me issues
[2026-03-01 01:00:02 UTC]   #2200 already processed, skipping
[2026-03-01 01:00:02 UTC]   #2199 already processed, skipping
[2026-03-01 01:00:02 UTC]   #2198 already processed, skipping
[2026-03-01 01:00:02 UTC]   #2197 already processed, skipping
[2026-03-01 01:00:02 UTC] Done. Spawned: 0
[2026-03-01 01:30:01 UTC] === Neo Issue Pickup ===
[2026-03-01 01:30:01 UTC] Found 4 plan-me issues
[2026-03-01 01:30:01 UTC]   #2200 already processed, skipping
[2026-03-01 01:30:01 UTC]   #2199 already processed, skipping
[2026-03-01 01:30:01 UTC]   #2198 already processed, skipping
[2026-03-01 01:30:01 UTC]   #2197 already processed, skipping
[2026-03-01 01:30:01 UTC] Done. Spawned: 0
[2026-03-01 02:00:01 UTC] === Neo Issue Pickup ===
[2026-03-01 02:00:01 UTC] Found 4 plan-me issues
[2026-03-01 02:00:01 UTC]   #2200 already processed, skipping
[2026-03-01 02:00:01 UTC]   #2199 already processed, skipping
[2026-03-01 02:00:01 UTC]   #2198 already processed, skipping
[2026-03-01 02:00:01 UTC]   #2197 already processed, skipping
[2026-03-01 02:00:01 UTC] Done. Spawned: 0
[2026-03-01 02:30:01 UTC] === Neo Issue Pickup ===
[2026-03-01 02:30:01 UTC] Found 4 plan-me issues
[2026-03-01 02:30:01 UTC]   #2200 already processed, skipping
[2026-03-01 02:30:01 UTC]   #2199 already processed, skipping
[2026-03-01 02:30:01 UTC]   #2198 already processed, skipping
[2026-03-01 02:30:01 UTC]   #2197 already processed, skipping
[2026-03-01 02:30:01 UTC] Done. Spawned: 0
[2026-03-01 03:00:01 UTC] === Neo Issue Pickup ===
[2026-03-01 03:00:02 UTC] Found 4 plan-me issues
[2026-03-01 03:00:02 UTC]   #2200 already processed, skipping
[2026-03-01 03:00:02 UTC]   #2199 already processed, skipping
[2026-03-01 03:00:02 UTC]   #2198 already processed, skipping
[2026-03-01 03:00:02 UTC]   #2197 already processed, skipping
[2026-03-01 03:00:02 UTC] Done. Spawned: 0
[2026-03-01 03:30:01 UTC] === Neo Issue Pickup ===
[2026-03-01 03:30:01 UTC] Found 4 plan-me issues
[2026-03-01 03:30:01 UTC]   #2200 already processed, skipping
[2026-03-01 03:30:01 UTC]   #2199 already processed, skipping
[2026-03-01 03:30:01 UTC]   #2198 already processed, skipping
[2026-03-01 03:30:01 UTC]   #2197 already processed, skipping
[2026-03-01 03:30:01 UTC] Done. Spawned: 0
[2026-03-01 04:00:01 UTC] === Neo Issue Pickup ===
[2026-03-01 04:00:02 UTC] Found 4 plan-me issues
[2026-03-01 04:00:02 UTC]   #2200 already processed, skipping
[2026-03-01 04:00:02 UTC]   #2199 already processed, skipping
[2026-03-01 04:00:02 UTC]   #2198 already processed, skipping
[2026-03-01 04:00:02 UTC]   #2197 already processed, skipping
[2026-03-01 04:00:02 UTC] Done. Spawned: 0
[2026-03-01 04:30:01 UTC] === Neo Issue Pickup ===
[2026-03-01 04:30:02 UTC] Found 4 plan-me issues
[2026-03-01 04:30:02 UTC]   #2200 already processed, skipping
[2026-03-01 04:30:02 UTC]   #2199 already processed, skipping
[2026-03-01 04:30:02 UTC]   #2198 already processed, skipping
[2026-03-01 04:30:02 UTC]   #2197 already processed, skipping
[2026-03-01 04:30:02 UTC] Done. Spawned: 0
