[2026-02-26 10:56:27] Starting workspace git backup...
[2026-02-26 10:56:27] Committed: Daily backup 2026-02-26
[2026-02-26 10:56:34] Pushed to origin/main
[2026-02-26 10:56:34] Backup complete!
[2026-02-27 05:00:01] Starting workspace git backup...
[2026-02-27 05:00:03] Committed: Daily backup 2026-02-27
[2026-02-27 05:00:05] Pushed to origin/main
[2026-02-27 05:00:05] Backup complete!
[2026-02-27 05:00:01] Starting workspace git backup...
[2026-02-27 05:00:03] Committed: Daily backup 2026-02-27
[2026-02-27 05:00:05] Pushed to origin/main
[2026-02-27 05:00:05] Backup complete!
[2026-02-28 05:00:01] Starting workspace git backup...
[2026-02-28 05:00:02] Committed: Daily backup 2026-02-28
[2026-02-28 05:00:03] Pushed to origin/main
[2026-02-28 05:00:03] Backup complete!
[2026-02-28 05:00:01] Starting workspace git backup...
[2026-02-28 05:00:02] Committed: Daily backup 2026-02-28
[2026-02-28 05:00:03] Pushed to origin/main
[2026-02-28 05:00:03] Backup complete!
[2026-03-01 05:00:02] Starting workspace git backup...
[2026-03-01 05:00:02] Committed: Daily backup 2026-03-01
[2026-03-01 05:00:03] Pushed to origin/main
[2026-03-01 05:00:03] Backup complete!
[2026-03-01 05:00:02] Starting workspace git backup...
[2026-03-01 05:00:02] Committed: Daily backup 2026-03-01
[2026-03-01 05:00:03] Pushed to origin/main
[2026-03-01 05:00:03] Backup complete!
[2026-03-02 05:00:01] Starting workspace git backup...
[2026-03-02 05:00:02] Committed: Daily backup 2026-03-02
[2026-03-02 05:00:03] ERROR: git push failed: remote: Invalid username or token. Password authentication is not supported for Git operations.
fatal: Authentication failed for 'https://github.com/MLorneSmith/sophie-workspace.git/'

[2026-03-02 05:00:01] Starting workspace git backup...
[2026-03-02 05:00:02] Committed: Daily backup 2026-03-02
[2026-03-02 05:00:03] ERROR: git push failed: remote: Invalid username or token. Password authentication is not supported for Git operations.
fatal: Authentication failed for 'https://github.com/MLorneSmith/sophie-workspace.git/'

[2026-03-03 05:00:01] Starting workspace git backup...
[2026-03-03 05:00:01] Committed: Daily backup 2026-03-03
[2026-03-03 05:00:02] Pushed to origin/main
[2026-03-03 05:00:02] Backup complete!
[2026-03-03 05:00:01] Starting workspace git backup...
[2026-03-03 05:00:01] Committed: Daily backup 2026-03-03
[2026-03-03 05:00:02] Pushed to origin/main
[2026-03-03 05:00:02] Backup complete!
[2026-03-04 05:00:01] Starting workspace git backup...
