Checking token usage for 2026-02-26 (threshold: 10.0M)
Total tokens: 18.8M
⚠️ Budget exceeded!
No Discord webhook configured, skipping alert
Checking token usage for 2026-02-26 (threshold: 10.0M)
Total tokens: 18.8M
⚠️ Budget exceeded!
No Discord webhook configured, skipping alert
Checking token usage for 2026-02-26 (threshold: 10.0M)
Total tokens: 18.8M
⚠️ Budget exceeded!
No Discord webhook configured, skipping alert
Checking token usage for 2026-02-27 (threshold: 10.0M)
Total tokens: 17.8M
⚠️ Budget exceeded!
No Discord webhook configured, skipping alert
Checking token usage for 2026-02-27 (threshold: 10.0M)
Total tokens: 17.6M
⚠️ Budget exceeded!
No Discord webhook configured, skipping alert
Checking token usage for 2026-02-27 (threshold: 10.0M)
Total tokens: 17.6M
⚠️ Budget exceeded!
No Discord webhook configured, skipping alert
Checking token usage for 2026-02-27 (threshold: 10.0M)
Total tokens: 17.5M
⚠️ Budget exceeded!
No Discord webhook configured, skipping alert
Checking token usage for 2026-02-27 (threshold: 10.0M)
Total tokens: 17.3M
⚠️ Budget exceeded!
No Discord webhook configured, skipping alert
Checking token usage for 2026-02-27 (threshold: 10.0M)
Total tokens: 17.3M
⚠️ Budget exceeded!
No Discord webhook configured, skipping alert
Checking token usage for 2026-02-27 (threshold: 10.0M)
Total tokens: 17.3M
⚠️ Budget exceeded!
No Discord webhook configured, skipping alert
Checking token usage for 2026-02-27 (threshold: 10.0M)
Error fetching token usage: HTTPConnectionPool(host='localhost', port=3001): Read timed out. (read timeout=10)
No data available
Checking token usage for 2026-02-27 (threshold: 10.0M)
Total tokens: 17.3M
⚠️ Budget exceeded!
No Discord webhook configured, skipping alert
Checking token usage for 2026-02-27 (threshold: 10.0M)
Total tokens: 17.3M
⚠️ Budget exceeded!
No Discord webhook configured, skipping alert
Checking token usage for 2026-02-27 (threshold: 10.0M)
Total tokens: 17.3M
⚠️ Budget exceeded!
No Discord webhook configured, skipping alert
Checking token usage for 2026-02-27 (threshold: 10.0M)
Total tokens: 17.3M
⚠️ Budget exceeded!
No Discord webhook configured, skipping alert
Checking token usage for 2026-02-27 (threshold: 10.0M)
Total tokens: 17.3M
⚠️ Budget exceeded!
No Discord webhook configured, skipping alert
Checking token usage for 2026-02-27 (threshold: 10.0M)
Total tokens: 17.3M
⚠️ Budget exceeded!
No Discord webhook configured, skipping alert
Checking token usage for 2026-02-27 (threshold: 10.0M)
Total tokens: 17.3M
⚠️ Budget exceeded!
No Discord webhook configured, skipping alert
Checking token usage for 2026-02-27 (threshold: 10.0M)
Total tokens: 17.3M
⚠️ Budget exceeded!
No Discord webhook configured, skipping alert
Checking token usage for 2026-02-27 (threshold: 10.0M)
Total tokens: 17.3M
⚠️ Budget exceeded!
No Discord webhook configured, skipping alert
