[07:00:01] Starting morning brief generation...
[07:00:01] Gathering weather...
[07:00:01] Getting AWS costs...
[07:00:01] Getting feed items...
[07:00:01] Getting model usage...
[07:00:06] Getting quote...
[07:00:06] Getting today calendar...
[07:00:07] Getting tomorrow calendar...
[07:00:07] Getting system status...
[07:00:07] Getting overnight work...
[07:00:07] Getting MC tasks: /api/v1/tasks?assigned=true&status=backlog...
[07:00:07] Getting MC tasks: /api/v1/tasks?status=mike_review...
[07:00:07] HTML saved: /tmp/morning-brief-v2.html
[07:00:07] Sending email...
[07:00:07] ❌ Email failed
[07:00:07] Posting Discord summary...
[07:00:07] ⚠️ Discord post failed, printed to stdout
[07:00:07] Completed with 1 warnings: ['Email delivery failed']
☀️ **Morning Brief — Saturday, February 28**
📧 Full brief sent to email.
⚠️ Issues: Email delivery failed
[07:00:01] Starting morning brief generation...
[07:00:01] Gathering weather...
[07:00:01] Getting AWS costs...
[07:00:01] Getting model usage...
[07:00:01] Getting feed items...
[07:00:07]   cmd failed (rc=254): An error occurred (ValidationException) when calling the GetCostAndUsage operation: Start date (and hour) should be before end date (and hour)
[07:00:20] Getting quote...
[07:00:20] Getting today calendar...
[07:00:20]   cmd failed (rc=2): missing --account (or set GOG_ACCOUNT, set default via `gog auth manage`, or store exactly one token)
[07:00:20]   cmd failed (rc=2): missing --account (or set GOG_ACCOUNT, set default via `gog auth manage`, or store exactly one token)
[07:00:20]   cmd failed (rc=2): missing --account (or set GOG_ACCOUNT, set default via `gog auth manage`, or store exactly one token)
[07:00:20]   cmd failed (rc=2): missing --account (or set GOG_ACCOUNT, set default via `gog auth manage`, or store exactly one token)
[07:00:20]   cmd failed (rc=2): missing --account (or set GOG_ACCOUNT, set default via `gog auth manage`, or store exactly one token)
[07:00:20] Getting tomorrow calendar...
[07:00:20]   cmd failed (rc=2): missing --account (or set GOG_ACCOUNT, set default via `gog auth manage`, or store exactly one token)
[07:00:20]   cmd failed (rc=2): missing --account (or set GOG_ACCOUNT, set default via `gog auth manage`, or store exactly one token)
[07:00:20]   cmd failed (rc=2): missing --account (or set GOG_ACCOUNT, set default via `gog auth manage`, or store exactly one token)
[07:00:20]   cmd failed (rc=2): missing --account (or set GOG_ACCOUNT, set default via `gog auth manage`, or store exactly one token)
[07:00:20]   cmd failed (rc=2): missing --account (or set GOG_ACCOUNT, set default via `gog auth manage`, or store exactly one token)
[07:00:20] Getting system status...
[07:00:20] Getting overnight work...
[07:00:24] Getting MC tasks: /api/v1/tasks?assigned=true&status=backlog...
[07:00:24] Getting MC tasks: /api/v1/tasks?status=mike_review...
[07:00:24] HTML saved: /tmp/morning-brief-v2.html
[07:00:24] Sending email...
[07:00:24]   cmd failed (rc=1): missing --account (or set GOG_ACCOUNT, set default via `gog auth manage`, or store exactly one token)
Traceback (most recent call last):
  File "<string>", line 1, in <module>
  File "/usr/lib/python3
[07:00:24] ❌ Email failed
[07:00:24] Posting Discord summary...
[07:00:30] ✅ Discord posted
[07:00:30] Completed with 2 warnings: ['Weather: both Open-Meteo and wttr.in failed', 'Email delivery failed']
